   14.9954563319997852733563487058915015         5488947.87764980422837541036989725933      
   18.8930910854658931943270380661133223         2365496.20052722487948372176037197998      
   23.8038031561596570190045207912571049         1043850.13261226154019550428395081619      
   28.6852760173840607050516727890651916         551358.946793472478794422685927818781      
   31.1918061354739964694687565234128551         417201.740326201005702535769079422357      
   33.3495963313690983689846330163380980         335261.646160193533840487845245255021      
   35.2593366316329706495538483971040218         280282.889482518599298068027489938644      
   36.9819754660731729825078123829695536         240958.059413574326781388120243912094      
   38.5575408099905152862109224552880616         211494.846137267814449409213288733339      
   40.0139003996461548913729716268057943         188629.714999126855774008818234732550      
   41.3713270102215683736683936042322880         170388.386038113341265914429127564092      
   42.6450831103802633086091072635250508         155508.499901429003663760562365762064      
   43.8469803073638129413567780114820823         143146.500910504780618132689105532502      
   44.9863689959993558200690461176745059         132717.803033358949149052776104417766      
   46.0707927976403193290098455643791679         123804.871932588021474483854696958413      
   47.1064363951241306334022802853155153         116101.736205618691414182662202640081      
   48.0984409788426050932616065080499288         109379.188265565118690486464808829141      
   49.0511320135086615691688921651738076         103462.222706214924018825683438171190      
   49.9681872648923589194602607663425257         98214.9453961700108987876916708585117      
   50.8527631062969159528060335412269675         93530.3063820567863449918241087554230      
   51.3612907373598855639973616079954987         533504.005256516010551169671925935404      
   54.7606306956427953403925122623148503         459155.450453257835951480173001540828      
   58.3849555011926653809184617080098973         397579.858295443386408881405762385829      
   62.2491557451598159159531902180424631         346419.177320550790838263286556165276      
   66.3691075504203677910242650807705159         303776.230865488817404622700428632956      
   70.7617377988578698084558817977671828         268120.733799298184449767091777778091      
   75.4450936757035829440532059080319449         238215.037870074736799065870995080952      
   80.4384168166593544608547559445505534         213055.384023495958621360410452021711      
   85.7622223624376141231104757911318984         191825.172106372371045305596649580048      
   91.4383832455152192987912623441849946         173857.815421410620449660184258092864      
   97.4902200553945023976554387801474176         158607.175002920767058562565486500087      
   103.942596851584252027312266223864974         145623.989633819090141656747781627493      
   110.822023317949653059258138996165988         134536.993722834311040708712854945338      
   118.156763678133817348863876532185809         125037.838032528221135783096822112298      
   125.976952819531497769021035383625868         116869.081449352511887001380781942042      
   134.314720102912019652841211685563732         109814.614512398666437185973808169450      
   143.204321366365065276616868852495465         103692.067848024078771702405784714528      
   152.682279665909441576633463954321177         98346.8671470501595973429794279053802      
   162.787535330999668164689087668752567         93647.6168605396112073867381697359250      
   173.561605951435615812310526546481756         89482.5513429523956955109173323137342      
   185.048756952983739379061782752984815         85756.8184909438976083851708610173392      
   197.296183462522324673948907712755476         82390.3961717414272534543593738595588      
   210.354204209906342265695924644402794         79316.4351095517627644313272730448057      
   224.276468263200538740306396727001713         76479.8509774709948450329682344375555      
   239.120175446655475866228830848013908         73836.0362017527166562425497681987334      
   254.946311347016976434612771596075063         71349.5959909403436825544215174015762      
   271.819897873695815413703058816147608         68993.0678089902190686328428569199251      
   289.810260402227755980368248942539540         66745.6247408896272777589710257499236      
   308.991312598586719444561775629038506         64591.8090471906801697502869103104360      
   329.441860094555920209231082128506992         62520.3444587916494479039704256544792      
   351.245924261811642594893852128433770         60523.0812295614106643420039133082321      
   374.493087414950189421681880072440157         58594.1123454972242870239540326779588      
   399.278860861729656774826880809219983         56729.0718689980096758712482850045953      
   425.705077312666303622324800242253213         54924.6095502218573186154362883596053      
   453.880309262206047417790759331240480         53178.0251483608229331457330727807296      
   483.920315060396210774761647595746305         51487.0195839863209152803721919929934      
   515.948514507749467116336485736166300         49849.5403828314223433112543554236904      
   550.096495927288397531437689130478439         48263.6932274491846819389014420961836      
   586.504556797083525193102031731550105         46727.6860898362971082024123154929620      
   625.322280164481469014823742204918328         45239.8039693722694467135706102136235      
   666.709149210229452233391477806659519         43798.3945807283195163190432685830237      
   710.835202487441805364960713858967192         42401.8591850415254189338077742928897      
   757.881732527467282604141104723918799         41048.6507056834433693505169384392411      
   808.042030682889553151455958858161240         39737.2696876770053155062986171032258      
   861.522181267859162751766833502843405         38466.2645450674178569829353149879376      
   918.541908258494063705686341577949309         37234.2259957582655803152055027613913      
   979.335478032029617393969050374010626         36039.7913163220590764717856675729149      
   1044.15266185363499019658229136958501         34881.6384758779900332109857347444459      
   1113.25976206528701961574515556573797         33758.4919016474656754890237600685471      
   1186.94070619281345656376504201328437         32669.1096491463349650378643275081454      
   1265.49821346626027598319507948477876         31612.2982778407436877210968915812677      
   1349.25503854624894257225072307051133         30586.8963366906437655278873820239386      
   1438.55529756619145046050894339520968         29591.7860692442936519930465777281251      
   1533.76588193842685396774335050825658         28625.8880243348406709419955911707934      
   1635.27796573292235384678414831704054         27688.1552053954393604303288137809082      
   1743.50861282162624514951662970701929         26777.5848931339793589577783266039241      
   1858.90249039144866381938377178924546         25893.2046244881067874816003012584974      
   1981.93369586586312270289472822875152         25034.0834826700865530140631433511192      
   2113.10770474106279480423852977509272         24199.3194568149254876339373192620276      
   2252.96344733938470751799338960646594         23388.0509859304707138518260387464065      
   2402.07552301237348085425839113286349         22599.4477206220499240495666477606422      
   2561.05656089057008483898201926222602         21832.7216399278858421653820344074070      
   2730.55973687920044135960097684301583         21087.0999433074438229400283430348962      
   2911.28145724087724657972458504302222         20361.8655126885909555692695571297890      
   3103.96421979085355553453148179375035         19656.3199328625994587590108955849762      
   3309.39966446009042138266489783128965         18969.7940473182129503776812387655482      
   3528.43182575942129866912156291077550         18301.6641916534913246561007603206124      
   3761.96060050760951103973669259793436         17651.3262319202483174592087460719284      
   4010.94544507050991778896902204108107         17018.2047716131758510231070814767197      
   4276.40931730149562162074871129327130         16401.7694250979884185870896349784899      
   4559.44287937866926464011337302576395         15801.5000538066384254936894433349729      
   4861.20897880627669172410275290367084         15216.9133205735824828577993538935519      
   5182.94742599058242951277754736759738         14647.5648975945273002834202870996968      
   5525.98008801894691692619919237784785         14093.0112523169277149381824968514841      
   5891.71631956997087414734695340990848         13552.8622709023688210847450706437479      
   6281.65875326768008721518407778587110         13026.7259805876689110969192967109817      
   6697.40947326950495064859881734876143         12514.2611643250482011159874686673405      
   7140.67659745233072734535657282018329         12015.1325019359493277506516468625988      
   7613.28129523962559832200639587276244         11529.0394233865146453432640818529355      
   8117.16526990249127586364324909322202         11055.7005394066407502716095430190601      
   8654.39873607577881654993308742844243         10594.8382832439552017460838590193477      
   9227.18892526501056492645345120254482         10146.2126005384060960944959087242776      
   9837.88915428910706096723452808525653         9709.59430324873944323340866137561832      
   10489.0084939167476825517673604877331         9284.79250837275614380639972880249355      
   11183.2220774200980633798186380292090         8871.60646011244981606105537988690309      
   11923.3820913987471306069521938977288         8469.85141507646188474013378552033199      
   12712.5294940298136808511660518184406         8079.36404799082280391423953884043148      
   13553.9065088888234053453920013456804         7700.01061127938860388012202153555642      
   14450.9699456724010598537140300109222         7331.64968591734901320042043441206043      
   15407.4054025511606031423236250936888         6974.15442534238769264605378225030918      
   16427.1424085033666123860623765415603         6627.39121797508240974433689432659069      
   17514.3705678418649471595348115143141         6291.26987383435992112466323652630005      
   18673.5567732643062492279458406749057         5965.69315841029152426105963918923184      
   19909.4635581467293470649475784449874         5650.56171957608393049666026260198375      
   21227.1686634811695393454356375672244         5345.76087326145441332483517182013889      
   22632.0858998483393651261592928179144         5051.22426401180646908514517433495361      
   24129.9873901370998896308606945540075         4766.86890877805448835179165007220689      
   25727.0272843952587952714037719333735         4492.61384296855360167611185891462939      
   27429.7670442445045240517565814677380         4228.34308082856750758923518168660620      
   29245.2024007408627871831870889911224         3973.99211691617987053069834880591811      
   31180.7920964374370132202109058346206         3729.47158971163564557192568414524659      
   33244.4885297366153264919920094396223         3494.69459121866278561983459162325045      
   35444.7704274345105743777711859791431         3269.53512196798899961746100873029161      
   37790.6776796932571952355793718035053         3053.90952951236326938097912872407159      
   40291.8484805611550037827124639328518         2847.70506353520491063308287157155880      
   42958.5589266330268154778880732722957         2650.80829259835919961553599402969168      
   45801.7652365424616339350384887560952         2463.07328066213411904798649392942050      
   48833.1487647453410262016470604976915         2284.37671955211452402470810872595585      
   52065.1639945344326682540169662319358         2114.57356573867918947435852471605176      
   55511.0897074650491915378285718166055         1953.51014533523742276904939973999819      
   59185.0835394221014985794932243237583         1801.00826301429324738506546339480920      
   63102.2401474729411163908060488069901         1656.89959766103112788398201929118183      
   67278.6532264853520605534207155631514         1520.99476982705304609877454016641926      
   71731.4816303068687635734995060678184         1393.09737452171170006311830465463448      
   76479.0198691652464971367617788725620         1272.98982443348046132117536849074599      
   81540.7732729296789399322272529441336         1160.45715436667002931930970115024745      
   86937.5381290421142498609094743778737         1055.26695843936467312119215823272766      
   92691.4871243665254158051481613105419         957.182678691571789487270971024576447      
   98826.2604419952146822138144766547518         865.948830324614407042661591264768551      
   105367.062887284705020215036229981191         781.311457213834092433514799119983486      
   112340.767442164949024107691307954511         703.002879458492391084814450954040009      
   119776.025673176239984372706565090372         630.754723457737332013083016738642216      
   127703.385446846849785204747265029605         564.288450366222985748343112264276845      
   136155.416436046733877351876722832836         503.321840727017608470256820236230667      
   145166.843932961982005852904639205089         447.571879373556396302838981460953141      
   154774.691518462565459333107408190180         396.751528680822851715209426486303263      
   165018.433174022552211444544096421385         350.577287109039605861400012544958510      
   175940.155461146825405519924942799621         308.761674913182445479834293303768990      
   187584.730434620837453583542326994728         271.023246061245650647563536357172902      
   200000.000000000000000000000000000707         237.086981303156260867060640331792984      
