   30.0000000000000000000000000000000000         1.01264340344278562859092251481760615E+0157
   32.5616113637447936530816807987634417         5.95496491476133907342708603955643160E+0145
   35.3419511534518026908034730837993304         2.67748241453059134948553621775470444E+0135
   38.3596959431716545358771345083632020         7.84319566073530549582932341831871721E+0125
   41.6351170444324402222514913924063230         1.29163582174017728540668939707672838E+0117
   45.1902166761611964115562865882769257         1.04391830531532637767582013026449887E+0109
   49.0488757617526630285332264791179269         3.65352414442883802240410797046241266E+0101
   53.2370143460930694874514258491888869         4.93391660459539946910773357767352576E+0094
   57.7827657101196232157378479732870798         2.31185470229235542547979477298117622E+0088
   62.7166653525078041516416995565315694         3.40801879016992702778086260387657616E+0082
   68.0718561079465830169090168957157452         1.44425403228893257075675651590870283E+0077
   73.8843107798571299514365175720978495         1.61917318773860823442085804053702956E+0072
   80.1930737830615959958138316301327224         4.44833108404338080028655514456150556E+0067
   87.0405234196054384493647390122642421         2.79071575873703866475568107430019543E+0063
   94.4726565495373096997753837250780903         3.74643516474005993245050557855532951E+0059
   102.539397568885769030017237454984883         1.01366279223216335456786418257016100E+0056
   111.294933770352537486564267271794485         5.23087556663138346104547347525275492E+0052
   120.798079339464512581023303120271876         4.89302179710337292430721285659343406E+0049
   131.112670431281761666333177668248664         7.91686115298862402408567715017086485E+0046
   142.307993981538340203498034296630739         2.12202981376183024748962587620194328E+0044
   154.459253132699484043020570382663008         9.05511926851468600633772615798566557E+0041
   167.648072401374704595747569435292036         5.93005672275064015722544738868862963E+0039
   181.963045980483749942052811844213126         5.76198698805374396232069626826206659E+0037
   197.500332859324535669722392515340880         805214526709689501666062573199401472.      
   214.364302759185369185435857072034861         15725823860340332108643399555622208.0      
   232.668237223490658067805311854664237         418013049120984682657081123052979.625      
   252.535090571962760287425192635186141         14758808629356787637235479232302.6387      
   274.098315830411443907542485668349711         676760712414072230862180795480.359863      
   297.502761184227824628531365330714863         39476610354246457477069880974.5869637      
   322.905642977393541303648202333723090         2873852054717084856151891540.00855255      
   350.477601793000558668983435378468277         256538275364493704530585042.237860084      
   380.403848709366321946134490382118934         27627347829422666669464577.6273088306      
   412.885409431571922844578302146844090         3535952282310613606369806.03415256692      
   448.140474655716470874748201403857162         530438889489927773211017.310972535401      
   486.405865736785437738468301473294202         92080455985830330122582.3931284384744      
   527.938625505567902606009881658505530         18279573134102525963508.6754096304176      
   573.017744920730225825238067111757541         4104699660679173842202.72690045892614      
   621.946037154608827833625510189233553         1032091444941476063931.45106307049866      
   675.052171701651748574651565661173967         287876010698936599940.090864750469677      
   732.692882173370173174652956891498598         88301633116838399676.0554762220487390      
   795.255362610377845838330246505465750         29546355798017416862.3592725588380006      
   863.159868408435525114140548010336374         10704182464626032084.9283685057923847      
   936.862539329885830373163077278309852         4169502522789558559.96536276858966730      
   1016.85846356369380442914543025260127         1734869317029341609.80948629789895987      
   1103.68500341652144620991300961333756         766402556807930773.284009213954060313      
   1197.92540497473720434626516994016643         357420262667233521.939929602072851700      
   1300.21271598479956398235624477374227         175029711303707884.675399001624084921      
   1411.23403826987104654556364680913123         89551909785209201.1424558553613549244      
   1531.73514324772293614863189730878583         47645369279277864.3786991310321536006      
   1662.52548155407714981553596812848460         26243825502496442.8948676326003883845      
   1804.48362042288412823867503268335073         14903687540796942.2702331469592065428      
   1958.56314534843768809565356861416255         8692418534259725.79938259947555482567      
   2125.79906567298115396026976454662522         5188115266694502.26276315783988777024      
   2307.31476712851360122392586395198987         3158396522380846.03212613840403353389      
   2504.32955803559935843773294659407316         1955261518057841.90414830138955797046      
   2718.16685984979829294237867435531961         1227572025417738.85273857068236853058      
   2950.26309707465646646545508297785343         779734033948108.319611772016053867366      
   3202.17734625810144291350991755226757         500018805869324.587015977453331718079      
   3475.60180888813142793047380051732603         323128463135813.835014083943728475088      
   3772.37317853812469558124734944616167         210107263947033.613842474898997925641      
   4094.48497861910228055933403765626689         137284730962330.318306388977773327257      
   4444.10095361620397640779380276526298         90044408301561.4992797582429296591972      
   4823.56960376328205076777988150470057         59233917613880.3290444351086508725822      
   5235.43996079041521375115648892911154         39053934232605.4219677210756071811761      
   5682.47871071589269798182120055390838         25793171420150.7115812098991736964948      
   6167.68877870281585389355219130412884         17057198326284.1608354905774464149305      
   6694.32950082169521882659324639928436         11291023635086.5003629325791435724585      
   7265.93851822025743327054084143430875         7479539702710.83487744542691769814779      
   7886.35554077172472893398057232877397         4957375476119.12360337282082687708812      
   8559.74813983081030918257079335459166         3287031778057.98394614268579583491349      
   9290.63974335694239825001504879493949         2180148329117.88220063083607641229714      
   10083.9400214583476291238275938242093         1446322736411.44158762788587507446456      
   10944.9778664679683505907019902264571         959658021713.348539046348794662128280      
   11879.5371890906214989394462859003540         636827002330.294053333971423712823968      
   12893.8957710774021512193750817560500         422635595704.693579854023932119833169      
   13994.8674354151625457820207255859228         280506780293.198106761616251457972743      
   15189.8478173038771271614855404705021         186183502688.312485053655907097454143      
   16486.8640433825325244447257889986236         123582965731.516807266512040082022758      
   17894.6286529173369234136115205305645         82033344953.1457004425714388149808090      
   19422.5981231608782303356844557314081         54454317969.6070870633034987573748812      
   21081.0363920187851290148047336915730         36147797352.1654977545767374682752462      
   22881.0838047292139490514471241306662         23995793352.2145934829280209114374905      
   24834.8319476955910684961352961120957         15929232223.9838236357948127212518263      
   26955.4048721592335003646301164670678         10574431513.4637789914351831587128496      
   29257.0472533213958118624805720337508         7019773342.06775398467522654756008120      
   31755.2200771122788153582185115529322         4660072571.80841168424475735994519614      
   34466.7044973705333488879178124023762         3093617786.21271618238566921309762077      
   37409.7145610804715022267554811765563         2053703682.64535522462668286557742099      
   40604.0195588842318797664824147489443         1363363871.67891583640594465714371784      
   44071.0768227426889478264182666345103         905084093.557660104182270743135109542      
   47834.1758627962711856924378906725945         600845435.457520194747456529169551551      
   51918.5948116464661125691987982643691         398874627.415790974148540311233158226      
   56351.7702269523018534153810482927634         264797509.912195203966539892219414024      
   61163.4813929688533898042511153033252         175787642.049105045349787377394404897      
   66386.0503590495952528131284769503446         116698514.533237368753087138088956761      
   72054.5590588454479875043932402412219         87411330.1767433778983419179130610888      
   78207.0849686707434371125250017122608         65456275.0617221475491706637451134913      
   84884.9568880407973006075520244443189         48659939.6703496767216518023838150064      
   92133.0325605538707107789160439642338         35922242.2390016080229394422211019740      
   99999.9999999999999999999999999994573         26342306.2256996038199561060509958242      
