   32.3613959387587398217599443133507726         538437.771326747423119086337290154571      
   40.7728039472245960341516520329558907         232043.888913445788966293608676940727      
   51.3705139563450417786354802029342355         102396.823951315767767012530746391732      
   61.9051234092953453027563325851260551         54085.7568505420516370753724613495034      
   67.3144161835896430042666129688733687         40925.5625456734935477013868027867560      
   71.9711002708301416715973706752054014         32887.6171595049275428346341343546209      
   76.0924728138690711608481282951007640         27494.4560558416039303110954984317049      
   79.8100654063558425217408018352657657         23636.8728371664234536054172954456019      
   83.2102616253325301140014142746799997         20746.6678089005845769354713750473766      
   86.3532022779274721127197960878296467         18503.7059811842945310322083094295044      
   89.2826376368832996105747056673266499         16714.3143903610827975037789864550934      
   92.0315053321385340182357901676891085         15254.6692582363875906109857819624899      
   94.6252957582603599691439358985283692         14042.0140108577020678099153838451249      
   97.0841878162762194652798329400523117         13019.0049086044633181757475209920351      
   99.4244612453301217826068550362298226         12144.6881270456269116871781426110891      
   101.659463086394106158039425177940057         11389.0448064416580270987940001375864      
   103.800288440156174877064707833637810         10729.5938594641911532125902389616608      
   105.856272005947563914080239329576859         10149.1674863914456656881030762048376      
   107.835350696898479859173211649698467         9634.43488869746737456002985209501255      
   109.744336219430821892597346613247373         9174.89164755770065311681759434734488      
   110.841779581625131086248831223512682         52203.2991988855124098104178464405751      
   117.475237297241292238121157670497982         45528.4519245851799932311675890756108      
   124.505682154627975502839453712428869         39903.0498770985048576251011995788829      
   131.956872319961489997626777918366850         35149.3352723198631271302981433438483      
   139.853987795041192294513528532334009         31121.4019720365198861669972582943968      
   148.223715508728108591239583122159671         27699.2646131446550166110164938173815      
   157.094339500781587585470100592981363         24784.0148420801781295039585433363990      
   166.495836502854581863562010858759514         22293.9491739263932596093470731335925      
   176.459977239646914922280034375736625         20161.4021457393431245088793711025625      
   187.020433792546170424050964310365701         18330.1850521327684415812790838237393      
   198.212893388572963262568795046232125         16753.5133913407297074388290334999676      
   210.075178999160551156301709918757452         15392.3020413060750592011312953056488      
   222.647377156311396774434319554036358         14213.7956754082670020053804328718806      
   235.971973418063161087357080585476611         13190.4369074112708044129563586789010      
   250.093995941046120049881080271468004         12298.9507965405583205888031776833362      
   265.061167645310502799890188365107633         11519.5988127840575876269316423235905      
   280.924067485638332017632261001526805         10835.5673177113661078439287591014548      
   297.736301374328128334153187627451419         10232.4790318225242626884086762134999      
   315.554683333056315345285314348414320         9697.99349634262148828166087610538787      
   334.439427485986548206664606318165354         9221.49135969605128390809660141242463      
   354.454351542934301428448004236276192         8793.82226301870632314768241537675163      
   375.667092460222695729346316714281380         8407.10531873362962897571965266605584      
   398.149335008017934301261532148074797         8054.57312573207646347922177112451885      
   421.977054016547922927682350390144605         7730.44535659572105472099624675569184      
   447.230771119833056090919718396609407         7429.82590485124836476791444444786578      
   473.995826864549973224418180293947961         7148.61342614878526278463114591594872      
   502.362669103572884962215674436254451         6883.41934896509372655473115832874433      
   532.427158648768306048920594641220146         6631.48938150912696035719056794240743      
   564.290893215943677998138538778894480         6390.62487088091463004080286763808303      
   598.061550756665518628160089861174069         6159.10488566505490240333986995115887      
   633.853253337177290827639417518317415         5935.60902876393814881223733416087520      
   671.786952794082534360845265555511687         5719.14382959108068546258691629905487      
   711.990839470049596910996758187918613         5508.97499938278133289263185114100599      
   754.600775410789221170572677414352456         5304.56632736994869561611482695420734      
   799.760753487218863894352173654040018         5105.52968947027916866430490343920726      
   847.623383994337284384960197690369063         4911.58618388652754545037136071757744      
   898.350410371185705502428624021465479         4722.53127532293995914646372918961555      
   952.113255784681499758021246442236324         4538.21109860752556421206728471716772      
   1009.09360242440944467050007755593841         4358.50626711283714720685574279224009      
   1069.48400546599658597820764089907812         4183.32030929830381146581453811897377      
   1133.48854377785319858625070058328456         4012.57226138452415320797019613369384      
   1201.32350957023015314456023691717211         3846.19169954835909049222377410824314      
   1273.21813931714178445449898497854218         3684.11609346370883847728944633165645      
   1349.41538842117783171605034780104859         3526.28878516859560383734064732891339      
   1430.17275223904950969153771813762336         3372.65781175790987211780657227536243      
   1515.76313624238281119931322690842138         3223.17507588467683996356507703450632      
   1606.47577825431616737140685785951076         3077.79617195742247018003377655472754      
   1702.61722587844071973248085869133398         2936.47932612005508085615067962771631      
   1804.51237242313438501066549721319804         2799.18565321328396521238541040955484      
   1912.50555482201590768561495617612018         2665.87815937059144866191505371987607      
   2026.96171726075020496041240470450339         2536.52177871844503472506573607883033      
   2148.26764444247950020817917924395985         2411.08281450166443602139726755354696      
   2276.83326865948637035515678941815565         2289.52861059136405508333609971619070      
   2413.09305508811016244961282273900262         2171.82749678414964535261471202048802      
   2557.50746998828012057717238146538511         2057.94772922975127433143418433181124      
   2710.56453676919030376658334995613082         1947.85792383074162999520356111368088      
   2872.78148517956972647889314997076659         1841.52608339898728413672924295826835      
   3044.70649919569953342958205350182297         1738.91989192093864167646572470949103      
   3226.92056951386089832384612111631199         1640.00576221937351500452499822473191      
   3420.03945690738982458768318206689544         1544.74895488633926052875019102241554      
   3624.71577308316269176311998946711793         1453.11319996300330681803524013158962      
   3841.64118606940529055943605153352147         1365.06038360508528167256898810097616      
   4071.54875758755004792975875415717538         1280.55012562316812478459236359839880      
   4315.21542030688328941703932899997323         1199.53991329740278926487248689840014      
   4573.46460335343395679107029519427677         1121.98464404098665457156211882211787      
   4847.16901494555463449434383260045752         1047.83628657313490419955530554747979      
   5137.25359155962807912436690111692810         977.044093138963440808256742366646616      
   5444.69862359209205461447481326409163         909.554371505330385676021598261340814      
   5770.54306808041390019705644248793796         845.309877681351868369357423379123063      
   6115.88805967777945928480309572690004         784.250446553632055602189697595215915      
   6481.90063174622495934583930632620173         726.312462503635426227848139725076159      
   6869.81766014299918241577952965084702         671.429105309735679753231107143836924      
   7280.95004302749632318671312336820375         619.529939976996743229142697292259922      
   7716.68713081369041886816431209466797         570.541616364414533202423905705350422      
   8178.50142123832547062145471220345293         524.387465228526897189659454212689510      
   8667.95353541102798324473940202346133         480.987667221394065634562035540857518      
   9186.69749166203820883483228043041190         440.259515788509351900244806106330939      
   9736.48629500961166144606295441583177         402.117462203557235457716805977476207      
   10319.1778611357242760274629716037285         366.473557658665729079030119757646737      
   10936.7412948891272439401578257867432         333.237429417700663109347067574094358      
   11591.2635445328611021996581806329858         302.316771242947658037397480940938809      
   12284.9564542231017317232714832451237         273.617341883617164033153119448150996      
   13020.1642385519644748696055102924823         247.043746177055001949177792855516386      
   13799.3714044131843546195174202133904         222.499304204729532133067124836607675      
   14625.2111469612402719535255220919900         199.886610171942432797675609210461290      
   15500.4742480366074323518564926727519         179.108051554859457774147235184316117      
   16428.1185071278191806445839579330110         160.065941520993171088483880825718314      
   17411.2787367406349910988555318607023         142.663102944131862193900868293300363      
   18453.2773559519270546017869306821608         126.803160779419725760103934410945917      
   19557.6356179473591688919515940366125         112.390787762415448620186784115971169      
   20728.0855094843696479272668049894999         99.3324561048371861325808563873356342      
   21968.5823624926247194520699731618315         87.5365320050721143608595187098335172      
   23283.3182204306536586332669084984973         76.9136056310862414439087532491244009      
   24676.7360045679442099848678608635835         67.3770292848413830474772565782156872      
   26153.5445280649858784894950673619908         58.8428777713195574538488214508014531      
   27718.7344085887344488231910558351914         51.2305936571188154080185611241079814      
   29377.5949332374153402646669230695643         44.4630278047976479956054353619087453      
   31135.7319327667472596847649587455657         38.4665519325651810161007934662355602      
   32999.0867255204263012467372931180658         33.1714463629888966643200661796806335      
   34973.9561950825902251341485389553200         28.5117714835878540563064328692048564      
   37067.0140695011989858791868891219096         24.4256489815304976139276068333684146      
   39285.3334739917676032609562804926703         20.8552276853835219537278782034622450      
   41636.4108333343929292023188565312138         17.7465991220252213696014942736381154      
   44128.1912047380697111687107435220840         15.0499179007745943519010650418620754      
   46769.0951267803068748153599496098348         12.7191862634975381747384603179773099      
   49568.0470751533678611205480395477324         10.7122469212397623588112144236525223      
   52534.5056213783825012989961941398073         8.99064040319864265103290365281787758      
   55678.4953964034617794057363425301636         7.51938631993414964057109131688354131      
   59010.6409671012385472769445196245740         6.26692737418531004083870527808261500      
   62542.2027401455683153187348760215724         5.20483050632866179221064204600791504      
   66285.1150145982996610725020363764963         4.30766761670069857782308980035322306      
   70252.0263117982159317287597795668106         3.55279816892675531131032333408532397      
   74456.3421188399967033143623596447653         2.92013056979965718299176126227756813      
   78912.2701900873553365259314737394066         2.39197526123657276468951095326755577      
   83634.8685598089407616496719472964001         1.95278307506477596881919651474065494      
   88640.0964281873596871317482568013107         1.58899119178286876596919067846411049      
   93944.8680926617403605673490437776057         1.28881843437965718793139562129910526      
   99567.1101068554342935434490859871927         1.04207661967259254204438182598875909      
   105525.821860247515230681596914295856        0.840017348394711809850914054758134649      
   111841.139783306543621192044974729237        0.675149554513017974746312163094797445      
   118534.405395056684303076259350071864        0.541106931372009489940778421833812006      
   125628.237423031097253835843652584140        0.432502005854033088739630779046860833      
   133146.608239329446080022428699009421        0.344797491854197506830920203872910606      
   141114.924871081892443654742265171621        0.274198734880815793421392636777013270      
   149560.114859080356097546671976521314        0.217540340715160262714734574259102777      
   158510.717254721358638117188581225458        0.172202077391232955408663315523271476      
   167996.979062768799803212610818134288        0.136021439652796513783679505247035685      
   178050.957455848216867000161351060598        0.107223024715337555182138188446935597      
   188706.628106088640834982310626625866         8.43571026003563211022484952666152021E-0002
   200000.000000000000000000000000000126         6.62427140611218078813769231409388280E-0002
