   11.2429397962439652155808689977194123         13032193.8896120780542771111325393069      
   14.1652165119885480310862147489799076         5616246.31274334577583796741622118759      
   17.8470544597728046410089685667084479         2478337.66412488353836325740945447200      
   21.5069701222677317042646546573974077         1309050.16119289705664781467962051262      
   23.3862571937135430411432536576438845         990530.592976003498401139520294730927      
   25.0040742663160155516338478246313486         795986.227403050037193298482245052733      
   26.4359143348645807879573557353998323         665454.284369747211978767338682749705      
   27.7274738764674223198303711604002700         572088.312589713971808250124806498745      
   28.9087641229609593805429002246117890         502136.029894736161295540007858924676      
   30.0006790887789636710174327741263424         447849.135754440955323992926851420850      
   31.0184184174549063692771964599724929         404540.090800860325019813496659746935      
   31.9734252429973003029046080108306811         369211.981832170756089989838803931280      
   32.8745553938767004249695893577514928         339861.822693051511303058017665440913      
   33.7288193887318956467426069931582369         315101.714451535394626782953443122059      
   34.5418731061733459646747210913389690         293940.432767056940044160726609599018      
   35.3183535519220225861734468922898124         275651.434980908797313969556002680980      
   36.0621153665288009351155414735728909         259690.603249429911439503145035215003      
   36.7764015949722021181199829499906172         245642.419608273865945035324958169345      
   37.4639696657840422326831667014175191         233184.241079691810548899951590835432      
   38.1271860901418993105358872874452253         222061.815156505131909561290684891047      
   38.5084579510433186422786850518679652         1266657.93213971569087919026789871815      
   41.1489019747619226809753547489778904         1084570.84657551259812399424369660085      
   43.9703956954394359632259024486718067         934736.493921730885298444895581396249      
   46.9853533102618110952895912758862557         811018.093423212133914781435268438307      
   50.2070402318235892473333484578204793         708515.011823977073844851380468476384      
   53.6496314541793624652036390910504432         623302.579081851051978811848117875076      
   57.3282739209327096104615512868209420         552228.953417242375399151650075952846      
   61.2591531697739039186944681606219281         492755.154891978125322255008567723139      
   65.4595645466934961051598526588150574         442828.843815387661860659240323407960      
   69.9479893032048431515945940718654783         400785.221555320125290630128423787132      
   74.7441759113932429562693109183066146         365268.140395467662657440854919142500      
   79.8692269545670782604034923038935837         335168.002129291445384272155090389930      
   85.3456919758182806953202594487853704         309572.365460456350240065324497151472      
   91.1976666930134345568029521235598181         287726.741299153541970423962433350471      
   97.4508990167482881587938359474016714         269003.726384418717246062671858204943      
   104.132902337730574995337406053347612         252878.500973730175271688133176285959      
   111.273076582040564858582092029655962         238909.794523507401672170759856586839      
   118.902837566896394147451718843299028         226725.085776644978382090496259763734      
   127.055755226072341879531069857365925         216009.274934395503623293970173582876      
   135.767701313143511447445780037905652         206496.135238955078770979639470019740      
   145.077007232431554042736455266257757         197961.781977044383902006846437676876      
   155.024632692086607533641874477888338         190219.641019844746446662378104213192      
   165.654345921356584869526832707464487         183116.289066709996687061519205990734      
   177.012916244975832687496417170281478         176527.768601394642678642261598350865      
   189.150319861974862851252612908975048         170356.014541375307871582795029783112      
   202.119959734310556529762218378835421         164525.259184149622524047669834628867      
   215.978900552797574264600742907375400         158978.391689379709390637573839079982      
   230.788119814159825893619779254088184         153673.363066013777150461829309207805      
   246.612776113907640103459241297062595         148579.808833523232101907455281928826      
   263.522495835493617206279778821292757         143676.057473589901288122222871446785      
   281.591679497141328717325339793058321         138946.602079599590549595025651699238      
   300.899829104232173878394173543154618         134380.129419097440345845951527903441      
   321.531897947557365971834601241610117         129968.056367343646781654447594842610      
   343.578664386500843126498506338931345         125703.510484845272180749120462746717      
   367.137131261749405015004848126338934         121580.662273712911376856876652570119      
   392.310952694892888577355205164714996         117594.321742990910988588773396120860      
   419.210890152775870336037408478755112         113739.699070855618858868828946855896      
   447.955299783223398136565261193683523         110012.268360073471892111155662764157      
   478.670653166353142600260356589984320         106407.711832084797606253714275497895      
   511.492093772710495421914516724299778         102921.872051072583369992210661371927      
   546.564031576568414535526932248796167         99550.7442122569591878943427791943269      
   584.040778440611467416406033015413855         96290.4564090508857856814617683131803      
   624.087227067612192729694598755753337         93137.2675465139910739003510188528555      
   666.879576506396873463150194183168599         90087.5658841545953146930254508270034      
   712.606107404230497587043258084966695         87137.8507859485854894609496910646170      
   761.468010416628311733703198003725264         84284.7451493251811346730632433112257      
   813.680271419486981848114813638682471         81524.9705524575919218343042883925069      
   869.472617418351027805580438822438866         78855.3677717706007957170841001928815      
   929.090527316689523063023371236682226         76272.8676533477068782356296631344292      
   992.796311990429071021005628406413873         73774.4989925006717280741652165437765      
   1060.87026842092738146775599520504835         71357.3932489819391574129642332542882      
   1133.61191296441906127707023171716748         69018.7699704035040762899398849010789      
   1211.34129918415518818919108875432161         66755.9202317151096774018551127358278      
   1294.40042604352284451801653521965724         64566.2441016229376989023139361289679      
   1383.15474265600708379960041154052606         62447.2040095251058561492230002332751      
   1477.99475621269507056178440008359885         60396.3483522618416850403540670426887      
   1579.33775016198959903619022430573841         58411.2928947461146007005784802849680      
   1687.62962020129425723470335179505725         56489.7492858367508511894527842940303      
   1803.34683615878951213465528504158093         54629.4674393029118067154143706733813      
   1926.99853839731865167322394648297174         52828.2861379464623326132331910169691      
   2059.12877796428191469172958196686795         51084.1115736841547449536411529167102      
   2200.31891034390046152993121028807018         49394.9072127144488114776854912723217      
   2351.19015334404184016287191415757146         47758.7035791418775343675506634160507      
   2512.40632037196884774017472267787806         46173.6052581963179479049925902263787      
   2684.67674112506162817801572071161200         44637.7526493295619860213686356904585      
   2868.75938254716380739241844119142066         43149.3737921830138517474272738390266      
   3065.46418378234558342674552842262192         41706.7338685451044485255026178751899      
   3275.65661979943686725632771727979987         40308.1705694564449221985519438891012      
   3500.26150936680455103166808178429079         38952.0591070360343762165871632799425      
   3740.26708413195656247706430902466630         37636.8641967443911168085768625784762      
   3996.72933670938188189302441750594204         36361.0678364471576828393138628446063      
   4270.77666690763483563258625215338808         35123.2404917505637154358332033872345      
   4563.61484653844500999959694910196233         33921.9729744165385064121317821153313      
   4876.53232465235267915193047643408718         32755.9564634861943661600070291987753      
   5210.90589654320108501092845189465986         31623.8562275756939665096280391137172      
   5568.20676146435150556299112389040146         30524.5057704894766437357755660412403      
   5950.00699570976693969378386633090022         29456.6587247237332841621183779809249      
   6357.98646954066042592108967097660981         28419.2376626634257283967176365675989      
   6793.94023839126547690504333057101262         27411.1135368062165650437069316282431      
   7259.78644087405118217857592345311146         26431.2971895447322608786926586309536      
   7757.57473833455469698156763432515279         25478.7547372958768264943630855400784      
   8289.49533308875013961551528148405214         24552.6120302891246016151023470739162      
   8857.88860502199913025834202569602337         23651.9074630116490680205391278825426      
   9465.25540894933693744927477703045948         22775.8922859094776439395393409325174      
   10114.2680780441102111146236534494658         21923.6514196049526735175753760854343      
   10807.7821817485891393225526046327998         21094.5676669842768578397783923621105      
   11548.8490898997972270074921483331238         20287.7874718108222879717865031060475      
   12340.7293983510416468584740197913168         19502.7673979252299906414140932800488      
   13186.9072751600936386386495536860110         18738.7708606873991218997557842894969      
   14091.1057904653392820771869683705852         17995.3047487825249495322014383613591      
   15057.3032974993172332910579029021192         17271.7508213034494086988273298127816      
   16089.7509368139247434942654091764717         16567.6220129374814679798914254476654      
   17192.9913407335552613562468267740122         15882.4633157121032904897230668801078      
   18371.8786203332742203483379712494113         15215.7553101537677836760807261690793      
   19631.5997228820792380728718464840280         14567.2064275347628742051791554836491      
   20977.6972537211550898928920059273447         13936.2801332813938766910512074862274      
   22416.0938629903530645524503769386212         13322.7989954677057815010099702397264      
   23953.1183045012484127843691016357174         12726.2818899958780178276048051814044      
   25595.5332814123521916569109425228902         12146.5569082436760595992852160309999      
   27350.5652012237456886981499799924710         11583.2773551356920611915799237605856      
   29225.9359710091571795347851817262195         11036.2201103256923254596448160077489      
   31229.8969727802742207166521200411655         10505.1746733595482770470827440119437      
   33371.2653684703766150635851222793383         9989.86588207160626737822463297045693      
   35659.4628942743904192600069857510309         9490.18722967962119829557726069826718      
   38104.5573150353005965726692835941063         9005.88471318351552437861076419656820      
   40717.3067210707101788626926649741014         8536.85488793909845367721016260166531      
   43509.2068623396924763475313156077798         8082.90825767204767673869410416995092      
   46492.5417282139762759892525259000276         7643.91590146071898269748789220925726      
   49680.4375953977314538641858519731657         7219.75225873049363657728963142987683      
   53086.9207817996150954396980489398571         6810.24864677165469616807590804044960      
   56726.9793604664353689873213080056608         6415.32468830960106428290790802373341      
   60616.6291051115349306312696700484810         6034.81423171191285987713165609765846      
   64772.9839573894497138106174442541756         5668.62511932639019207154977579274506      
   69214.3313259634812933804321783242048         5316.60364292437214806436832161620144      
   73960.2125486720673319499985051599024         4978.63324957570046889751684352904987      
   79031.5088718167827702264500898807094         4654.57178464496584769198574068490761      
   84450.5333248694059652167646174440704         4344.26929457920937070092415123866975      
   90241.1288948345439290368662297052004         4047.57088365198228378271576888191739      
   96428.7734322219575913406565957720998         3764.31601960536918906824434138132606      
   103040.691750200915560079686881205764         3494.33059817781509585298910482839277      
   110105.975410157949275217401146295109         3237.41499722415060354453369893317634      
   117655.710720698535325101126056350364         2993.37436434866382344400037582199639      
   125723.115513271291801025893412210891         2761.98961214835421491365446770512222      
   134343.685296209247565553434471407072         2543.02697089109115567335488807538973      
   143555.349430246531346260945110279531         2336.22477940517309309342083524964832      
   153398.638012661986819139487082870971         2141.32592645035862113801053894823776      
   163916.860204317754352312941300575530         1958.05075804771825944722959877379651      
   175156.294784208076327664224384190695         1786.08012400534630676597345115115913      
   187166.393769933002001956668858530347         1625.11479772525795001017737577925122      
   199999.999999999999999999999999999899         1474.82350513026239981495804819648644      
