   7.49404403672768028935318347599768968         19558024.2841870244929936134041480031      
   9.44190383071235238154982799987002301         8428375.32673228615638066847580219088      
   11.8960533873975317922371194607496953         3719198.44497552392042208826794930220      
   14.3355905229258508059051816067445031         1964452.41762005341920827988369995258      
   15.5882397700358373461751189703738648         1486456.64531852766276071899950619700      
   16.6666047355320653018127218950082273         1194508.82613749580557417374091021341      
   17.6210056948646850035167481938581077         998623.408634209649075276752093301930      
   18.4819018889420620730146358582354987         858511.962278551051677127336963694616      
   19.2692974712200129117169962524911664         753536.888091424563735974655905547871      
   19.9971194631990012392598423847417006         672070.448641158068340761392987735863      
   20.6754992717927641589789464551450925         607078.079733797715992406059295506278      
   21.3120643816033823801673498362844647         554062.333637070496912539337525989828      
   21.9127176943400883104945046044889759         510017.599309285046932041979925054419      
   22.4821321101830408680595504279930675         472861.085041370470398226947857463331      
   23.0240775864691399147560488706950488         441105.033814854657991274197287441218      
   23.5416449451454286651541177660476058         413659.437419636724510745912402897293      
   24.0374035183045389032953870707300973         389707.613368575256504226196442026254      
   24.5135149756096173671454582217147840         368626.005740137356801657883255520606      
   24.9718172963810249735477957394622482         349930.505066074228673548442471121902      
   25.4138878918029880100462076022038479         333239.513720472690906190298352546454      
   25.6680267707210181158673375400031374         1900825.73774329009814380384451447401      
   27.5144107404083531560380336727801786         1615900.96471057680288111167491153431      
   29.4936110653991308987589992379909548         1383563.19427079883257980015039687113      
   31.6151816545907934643936714375207222         1193392.53033261151757733175808125789      
   33.8893636603683194645063537015605773         1037153.50623600574186284899772131810      
   36.3271349142453036200440660570801290         908317.660046057556943667556106253378      
   38.9402629185701767175236051341017905         801693.179895847991493317061878259038      
   41.7413616500968031774180838081096795         713137.062508360570984049464206626709      
   44.7439524496191578445933683225940998         639330.760594917226963337800360879587      
   47.9625292915938527051565689194994672         577605.126861595465976413178887129303      
   51.4126287488171692476487109270960551         525803.369749832759810525251570893965      
   55.1109049898870131252454845433251841         482173.678687814058054061744863965539      
   59.0752101714742461511078036747454346         445285.002101293101240328761118076725      
   63.3246806134694375864853916436969058         413961.065774891647897075452304131840      
   67.8798291729859189654905065988061154         387228.826106802749980122626799593085      
   72.7626442631228736424935122524845272         364278.461445514834678519538804655413      
   77.9966959944674861006231101371503667         344432.638651846359528194830083881528      
   83.6072499516977492728648272647013749         327123.180692240684240715562615306461      
   89.6213891545033507483357772422117997         311873.571451416679471733381602404524      
   96.0681447915490395740022023959947056         298285.892160430750911629428289360406      
   102.978636358553720779453860379298636         286030.818416736886931937349217330550      
   110.386221876953659236316897418100951         274839.635693382842528022602256229618      
   118.326658918278727414248060014528807         264497.175693506406181639066433071099      
   126.838277211531495096610296201163053         254835.068444908469651312304091487763      
   135.962163666771921800669257085223868         245724.932844291024861458676910580096      
   145.742360708045375107659184160614860         237071.491339106767652806363801591910      
   156.226078873037975766248994182336329         228805.803411810914677562708545425931      
   167.463924705710990099101079868894789         220878.995638909752236778083110635225      
   179.510145041987587148584961713841779         213256.750783474179618676212040153442      
   192.422888867697100515191484559480313         205914.818783048727075141139377616979      
   206.264488012805964629582223879569993         198835.574632754843640113390393604516      
   221.101758036890191088269666067281832         192005.555139993829136109060304995066      
   237.006320758270525200090513618354249         185413.835343566859154096753187335446      
   254.054949983708760956282461166865029         179050.980083708310624934390639530314      
   272.329942107556422669568208603450668         172908.469542719909964602804623636105      
   291.919513369295749915737795586945362         166978.353109725471939561595212604143      
   312.918225687097143104853786005052888         161253.090755444473729966739706937265      
   335.427443122958118827688131736601850         155725.466182504850969176233764340209      
   359.555821182852249282011055896100161         150388.540801705711276402392744903099      
   385.419831313816278415786926023673752         145235.635525881902712848109992258763      
   413.144323129804721810427780563370414         140260.308275309049645883966840173935      
   442.863127080263906965617917276166396         135456.360739248906244100723811438969      
   474.719700470600729994752051147569524         130817.808313876592677146114701889008      
   508.867819952987767231163091665231439         126338.885356419506142418928432341952      
   545.472323830265947275691333315217592         122014.035300992450940901167159166396      
   584.709907756161586149332679169876473         117837.894173992447683634678507500038      
   626.769977672786932150208459044687420         113805.288895857645030152052064608372      
   671.855564102686668548055710231673042         109911.232739250896773305351945525587      
   720.184302208860792274318785035624180         106150.920393340202702238768702421878      
   771.989482353666574301200997215391293         102519.715310974951119741967329853965      
   827.521176227811400734142244850412495         99013.1299115246269657313119369808160      
   887.047443985436917880678310301748483         95626.8615425695142378892650102093715      
   950.855628212323951332705189418069715         92356.7343808631115461408548445003683      
   1019.25374097340469665239760386055826         89198.7315254952908341919978334193072      
   1092.57195063507702398164625277766456         86148.9698717432283754605203207869244      
   1171.16417563944428231237324521040579         83203.7221796623450909837102802558506      
   1255.40979292387762741579939889559099         80359.3369190824319834297426444383773      
   1345.71546923270876396848994929077366         77612.3772649592301858266387443174814      
   1442.51712416108048786518124870840720         74959.4240851235270351978583402154369      
   1546.28203440687410217177009556763131         72397.2451967493662910536272119477410      
   1657.51108938826620807664916813830740         69922.7146305278007870464591453975408      
   1776.74120911513289149584754698848725         67532.7786819719212714297718109862220      
   1904.54793598574397318669039168963609         65224.4991598993983751898869815187974      
   2041.54821301975451294964557776336967         62995.0483197239758739183856773836494      
   2188.40336193845786574551745184922520         60841.7047485692317617309292020585655      
   2345.82227546795851275404518121413453         58761.8011953796664529370690898124178      
   2514.56483927501036170400050449038696         56752.7776841605026111551573935828680      
   2695.44560005373892984631656799806966         54812.1584116934532183256683382895060      
   2889.33769746967456055432183162874469         52937.5526671280574170953087418724674      
   3097.17707894120424975995646706347120         51126.6530663885022165231391261294329      
   3319.96701760385002549024752184465163         49377.2188993767880666666728660304565      
   3558.78295526629265063260461650694268         47687.0642048178966495143500930155100      
   3814.77769373584530092789788990716363         46054.0958788337982347469837955220936      
   4089.18695957271558138667172588148667         44476.2632891398731764573952488485374      
   4383.33536913499329325241703744888629         42951.5971462309294440762051668008297      
   4698.64282270856717726918465041360953         41478.2088397472284240421341200792454      
   5036.63135858743378603419527723733529         40054.2495903904534865378077900076388      
   5398.93250019011397359530736022044785         38677.9230236509675089349381508394596      
   5787.29513167785473876506963706398611         37347.5019696793591575173725626409471      
   6203.59394009145476912290723988784503         36061.3043867655068530696123279430610      
   6649.83846475822585583629500063880650         34817.7043246770732084439571895306040      
   7128.18279765199008264373787253110481         33615.1293613893749134419774120894419      
   7640.93598153126460174861901125499902         32452.0559626696648059981535934371981      
   8190.57315604907003540688590602862091         31327.0110446208218365382944990670590      
   8779.74750563837431835973188584274084         30238.5598272416878300351860883129093      
   9411.30306684747993580368253405279388         29185.3248585090491135195282351459958      
   10088.2884569483615378757776435315365         28165.9683163103574990293915723333381      
   10813.9715900880892424213764796539898         27179.2132483636453229648653853547479      
   11591.8554520204975557010043492968529         26223.8158974354783037403204522323884      
   12425.6950095651919175847831056069281         25298.5815679031360018795460591041040      
   13319.5153364184908534107538440376626         24402.3605771770682394653226499567828      
   14277.6310428124223653621532865623879         23534.0440719088340856919639263743996      
   15304.6671028117712686010854615436383         22692.5628610744154196311712078390076      
   16405.5811797857912033340139324946973         21876.8926727961116613656330236944298      
   17585.6875578231180069258322448484238         21086.0478412226423074867116625302291      
   18850.6827946105596310315996062230449         20319.0874705034636641270831170770119      
   20206.6732196062126200349878041936811         19575.1155039863505959364545576257369      
   21660.2044102448789090340138337304163         18853.2690321495783478851513705116674      
   23218.2927884620273596545070047151054         18152.7225897138695629506017547217519      
   24888.4594900576530229430437428339096         17472.6936752825813563414740559533120      
   26678.7666703927400671398180218248299         16812.4349687714107050320131176896771      
   28597.8564216715920674333556419819060         16171.2445080313355810994297119204643      
   30654.9924896698259728350028898426143         15548.4583109221582001149387002233617      
   32860.1049912811872427529336279989850         14943.4421482963049069886933520891858      
   35223.8383487417644863652159499788986         14355.6003205387012693811715497656039      
   37757.6026719175858288816306235987629         13784.3711151716523929991815342110869      
   40473.6288366859193724621067459477835         13229.2265925003108850445347760207469      
   43385.0275252822213437751744047519314         12689.6695133895639954890190585445168      
   46505.8525136097021154386031764477759         12165.2394007186501173057858707417848      
   49851.1685110092317434420161840396340         11655.5013130677960366951811797873543      
   53437.1238799627433042942923189666052         11160.0560183841248468666468777180965      
   57281.0285867594930068302907628195233         10678.5278218659130278752571160227536      
   61401.4377594052102519200533000693943         10210.5673335684044545030199112066149      
   65818.2412561212074644225895805410917         9755.86213737698652781007406896706497      
   70552.7596767945754363604080209212121         9314.11438069481869429350998137043008      
   75627.8472808417204750956295832713027         8885.05760261044883696027060998605358      
   81068.0023082858348569539850763232662         8468.43819925220615698384088516506351      
   86899.4852365853612930139513863275872         8064.03805703499596640603686581488975      
   93150.4455440576208345346073913879818         7671.65568533249190174355140306990953      
   99851.0575918044362737988464331383288         7291.07936127565223531061416258128564      
   107033.666280063015513879369010104092         6922.16411642777517795116831933024972      
   114732.943182088035777694925609679104         6564.74186745177461541426138946893030      
   122986.053909247548046313927516725422         6218.66934085569517074791370595510232      
   131832.837515230143280390339064515284         5883.83433547536909673807642475444419      
   141315.998805375491195731736854950734         5560.06951460125742119754070588100584      
   151481.314479435407213594263619441728         5247.31273009917872233139203145545661      
   162377.854102848731593349565460269578         4945.44285195493774976732493722006989      
   174058.216973192855474327390491044833         4654.35291866256762665421755912371512      
   186578.786025203227268909005103722469         4373.94936220305264017770003869466943      
   199999.999999999999999999999999999950         4104.15380034841221125358911641507495      
