   13.8158836374560024702150624152419069         35941.9424413146428607465877667112136      
   14.1984111267548919333111620523556582         32503.1016252922620835870897693876883      
   14.9341003815302633037265576575277456         27004.8346506445375745199727779293433      
   15.9742313657815852371449684756665689         21125.1278028989934266426931988056633      
   16.6315526457629759712883618659950631         18251.2100489327308810328600940255358      
   17.2638645467939964991627639126661859         15951.1308008929604603456688462141652      
   17.8738214932150398878358184763597578         14080.0246372557611286883470834589550      
   18.4636391443447885164772884413796890         12535.6349545228061895284374019501229      
   19.0351896794816938404615246038028826         11244.8707794544637146328003091702062      
   19.5900720216928152652748745356989758         10154.4305660831514190078607650461100      
   20.1296646146024216956810874097639151         9224.26201908275217196170072646772649      
   20.6551657746347341782391536893827824         8423.62470587845559859223633028054366      
   21.1676250169665310629765572308561685         7729.08728701617164484522446336191654      
   21.6679677067364250426170301624999854         7122.61406296165876907418652065957804      
   22.1570146956091042478598242864545935         6589.79241432933055196221672864797014      
   22.6354981368359340689116729638906120         6118.87363789261415752279086460794119      
   23.1040743502951937384451327708812034         5700.25940483743100418309860878027028      
   23.5633343834278580376609320111676628         5326.30608394016001772441890313389422      
   24.0138127532155699274783527753048964         4990.78664523320616372864538225205753      
   24.4559947380547983876443290544561605         4688.58737470608778564774837218338981      
   24.7005546854353465887336399314016112         71001.0719580303602356192145014815371      
   25.6905628934670968676019583812041233         64411.2628403804945163654964778059823      
   26.7202510303284681973756641152284112         58553.2342047188095493825125211799611      
   27.7912094835931697614575247574663863         53339.6017110116802515666801897123668      
   28.9050923842112022964114861987921678         48693.3399968006072230542040581280571      
   30.0636201613691249953919672338169484         44545.7154460798193941786546982575978      
   31.2685821997501537845909157908481446         40839.8351505513605097592258252664109      
   32.5218396032983175721211149094294124         37525.1493945501246049209584722540355      
   33.8253280697553981285037800755407799         34556.7055141816949063325530192329245      
   35.1810608804104715064318805911428635         31894.7117484395781140132623198468566      
   36.5911320096798186024060051240820636         29504.1845953279189059845638921407089      
   38.0577193593200544534092043596573388         27354.3354681873910911077992712169960      
   39.5830881222698260132911456949840033         25419.1758755787736159382233133108563      
   41.1695942813156437888564532333990856         23675.1770337723017878547099726950284      
   42.8196882479856530745049977177870226         22101.2699729630118737149136351329150      
   44.5359186472917372408132455263287277         20678.3966462970951441533734827835708      
   46.3209362541656131320627142303463001         19390.7285718887462922170031211573846      
   48.1774980876688750437138824170222154         18224.2955555297142687055846700543886      
   50.1084716693006308617985119732678692         17165.7179968074806638316960843510730      
   52.1168394519798281350079349299667272         16203.5850537000578670931191058213911      
   54.2057034265429805853136583752317402         15327.9315703955276992787659058157706      
   56.3782899128721840029064259716128934         14530.1584410606994265198432968162079      
   58.6379545430534780938000275409450235         13801.9159472657218883670840572061940      
   60.9881874442622081044940834777917645         13135.8550562140020621124215502325134      
   63.4326186293805250419522221567749489         12525.6944016395082330059175863467922      
   65.9750236036730125041614173204604778         11965.6862818907870781468349357959742      
   68.6193291961801370989506409480502395         11450.6182821768004243845258500086477      
   71.3696196248363035811536646323305069         10975.7224593054542059879283179439695      
   74.2301428046802912636188490563783663         10536.8688734753570605146004954879349      
   77.2053169089013125254389768539217946         10130.3716374122719240158359307257103      
   80.2997371928544472681458747206411860         9752.92303757715588913524590968346372      
   83.5181830915853721178465575640781663         9401.36908394401268117178913855550786      
   86.8656256018267473736395225350283142         9072.97555126473665555868920399334149      
   90.3472349598680006392622145389790694         8765.32193240314287438441161610561461      
   93.9683886271572323765308491259888244         8476.09422020623778667204089589740014      
   97.7346795959692711162834263177226123         8203.26014317623821549771002948283108      
   101.651925027968258875740800584962740         7945.01669778622013204180280361815252      
   105.726175239007314004820727616701916         7699.77810098490138102778300454812989      
   109.963723044042593365503927868872243         7466.14484894143611389311903503181084      
   114.371113476595284415141100215816216         7242.87780699862039135592538445696025      
   118.955153897773559499390249065400999         7028.87612085002260062704811199666897      
   123.722924510468212978454403640697815         6823.18400008696778932724397825224439      
   128.681789294961506039069440301890882         6624.97633601648018355175445095209775      
   133.839407382839630759715197648701406         6433.54787594316266332245941900236636      
   139.203744886776179513969549876204229         6248.28783975412915631485077561048419      
   144.783087204458113726452221367505959         6068.68050503559307012847776602662748      
   150.586051815658054855527916541401622         5894.29412634722680533532747331239658      
   156.621601592218401373137120468539922         5724.76781353700075994356569963490085      
   162.899058641504984886274569188475700         5559.80185354353843292937865979393106      
   169.428118704711939990466308204934654         5399.14829923101267250159214757796798      
   176.218866132256448598963616116456794         5242.60114666869452430658388519879827      
   183.281789459393353995892187065519795         5089.98970111282606079225503678237848      
   190.627797606106699413054904851863760         4941.17211616976856419349999620747891      
   198.268236726299462402796542776005740         4796.02966919012783845184057293004417      
   206.214907732305618937709696382292075         4654.46115856836814768922204952697790      
   214.480084521791728966723195279869137         4516.37930006109465287478617418623128      
   223.076532935200099133728320408789619         4381.70702203626163409711513918357915      
   232.017530473013924127857671181900161         4250.37510481023624376033779104891034      
   241.316886803298378451394947830822854         4122.31984343680718582876077177876904      
   250.988965091192237880447327875987994         3997.48131880014158700803091828562039      
   261.048704183294139823818619751968690         3875.80235289326751652264713009008986      
   271.511641681208004988181538123687106         3757.22748792017466553994135055070322      
   282.393937939885478654768304672843297         3641.70234105964657269078787544640763      
   293.712401027831629627349122259788160         3529.17320352413789059906569869045973      
   305.484512687725774703285186217628924         3419.58675166955699120384638740281131      
   317.728455337554470953551013436552798         3312.88991478809421412557539239741676      
   330.463140153960823747124317870762114         3209.02973372450713690173616636835599      
   343.708236281185777548166714286037875         3107.95321731776213956171900968172784      
   357.484201210715570767797305999853062         3009.60764419570701636165996658012614      
   371.812312378557730559079176328958606         2913.94008447520778838575623513401696      
   386.714700028948651220804807635123342         2820.89785406538138847146055909999407      
   402.214381395251845576711020252345450         2730.42843549731780930511639647296380      
   418.335296250840403499518408718084710         2642.47933683278557067506663753413283      
   435.102343884873177921335783725758477         2556.99841756744279028685288501109092      
   452.541421560075014424515122140343419         2473.93375571102314091858328352287003      
   470.679464511920345042222904309254663         2393.23359228209740791804095384336147      
   489.544487551000215659443907965375849         2314.84672189680870833051903733029590      
   509.165628332828986538496750093345335         2238.72224676016236245544634121631348      
   529.573192361922361525542473560712228         2164.80947806432366059832983994748652      
   550.798699799657041241725893367786661         2093.05848360324638839335283089415633      
   572.874934148208296272682429005345736         2023.41954443238573521583678835599558      
   595.835992885759421113926898937750354         1955.84357833152556168545181041309652      
   619.717340131190833946685246707674995         1890.28205673635929486462414075860703      
   644.555861419591186130038990928470075         1826.68690268580369168419246639423887      
   670.389920673193080092942815850345822         1765.01059689693163047085043862709604      
   697.259419455726900634825102923291046         1705.20647065499846818217542301631260      
   725.205858601713079863686459881004627         1647.22812948166215557314545693272132      
   754.272402315881287399278143755210876         1591.03003712424600450298424036601615      
   784.503944841720230658795398633406379         1536.56743680768147990125945440176560      
   815.947179802129857716331113469480345         1483.79572675099062830301244479862578      
   848.650672319274906259380069693780371         1432.67157265548852022517778582702384      
   882.664934025031311077997017842340850         1383.15210040192170702356118601481623      
   918.042501077881599330244217999711640         1335.19496152399332930496562372064429      
   954.838015306758963280464289354433853         1288.75881217464555427204918393248537      
   993.108308607169376438241601124105011         1243.80286750132025463662583839119799      
   1032.91249071994437063123915466638664         1200.28710631773814049453907189472874      
   1074.31204052820167710359035625990566         1158.17224765876728859100870080610913      
   1117.37090101352492378934548450415496         1117.41974865844975119227897198833288      
   1162.15557801802536644444948682141203         1077.99173592281156531969845904825219      
   1208.73524296482694270159056901129772         1039.85127120245544011504419607424589      
   1257.18183969562985458744196603347450         1002.96183645513230243788998298888625      
   1307.57019559036684975866054798420652         967.287870604610543882128686723813108      
   1359.97813714058020630400305328945192         932.794497322798573220866677597021021      
   1414.48661015502634571256861549022120         899.447717596351934506195537984819431      
   1471.17980478316962824281834336291490         867.214131117535489837579934187871876      
   1530.14528554966827500708506525536525         836.060930383835160697635858427086976      
   1591.47412660069500508624029366917662         805.956243193295744464212902486862326      
   1655.26105237098482804660122065962599         776.868787489760332042532610648767413      
   1721.60458388887492561027027210822927         748.768213193167230106835173699197197      
   1790.60719094530962252538764471560310         721.624579581229924768535264110862315      
   1862.37545036184053579225737272252032         695.408864073845602009183717844362558      
   1937.02021060207209230033851657791271         670.092520689155391904404330488332389      
   2014.65676298080026727881607321200780         645.647967075239896662223396968772851      
   2095.40501973528275257523701236148468         622.048121965726758382008537225888871      
   2179.38969923367755399722269394534306         599.266665388936786678170555352517081      
   2266.74051860671061096554985363846141         577.277747043429803088732843112454065      
   2357.59239410009845584051482366453589         556.056405199302069289954806454858823      
   2452.08564945717689322633092394547130         535.578208483558014502354598267555299      
   2550.36623265358959983223374502335090         515.819556352849650090887471117307558      
   2652.58594131879057979685429623960121         496.756947029496398701250028894864257      
   2758.90265719253148329632648214725439         478.368075526155315032605891497611169      
   2869.48058997845963087187612918780745         460.630793717102974636459200579190756      
   2984.49053097146673593547999735761415         443.523986323117212497853574921853051      
   3104.11011685052420093002027171587269         427.026866909614906091227516971836124      
   3228.52410404444179472658691862667903         411.118990395767020396602027590970492      
   3357.92465409431675064803129809439311         395.780978537729758817394875550381561      
   3492.51163045342507860070066447482095         380.993671276630214587958745377642052      
   3632.49290718297239469307579942813894         366.738743066321662635197065911083762      
   3778.08469002049512238836457586451430         352.997742296644601933191062994229562      
   3929.51185031681288923806464204920423         339.753636246848972719154641256599174      
   4087.00827235730884855934075530010724         326.989323525916061619687014643721848      
   4250.81721460398719504757825326878994         314.688312978896095202286223111955168      
   4421.19168541625824668167654165097182         302.834560766863982034650569785466109      
   4598.39483383076434155278811528539743         291.412563321149641510120844259591801      
   4782.70035600381898763345874333260055         280.407698950358323236501995046249521      
   4974.39291794422313059506587904989669         269.804807171756694078968450676246833      
   5173.76859518938343404080806639272449         259.590104286318944637226660281211201      
   5381.13533010382695999578812264127718         249.750180635120945301645386477336407      
   5596.81340750642501483799759969858768         240.271214946459700630866901121430522      
   5821.13594936094822675330873109883068         231.140780124969334213646635153951428      
   6054.44942929401886991068881196858150         222.346482757387559102721719408921411      
   6297.11420773515052503945020642807709         213.876109801828658726666012675688961      
   6549.50508850541666585000392092634786         205.718285940672536711027087004905468      
   6812.01189771441788147402154537145650         197.861499791153819712990949267151430      
   7085.04008585967335429340956926389839         190.295239936997706873960496633074347      
   7369.01135405839912847777769664496895         183.008825540426496577722794011529191      
   7664.36430537890897856572153363467010         175.991878116620494584785376226347223      
   7971.55512227764088931762631195466242         169.235159222494050820054713340126278      
   8291.05827118813316506951062830174865         162.728906915140563993006085385646612      
   8623.36723535021127606501541551867413         156.463676467528732010362444212534599      
   8968.99527701126449396512917584198543         150.431393827964126841091986952704307      
   9328.47623017685753829893599655433552         144.622957016301768614630674592009149      
   9702.36532513510691958129946947398031         139.030223851050213423018492792256627      
   10091.2400460283273011588484604499658         133.645781482123559987532425601633532      
   10495.7010227964958095064330377128221         128.461304911455711731304076299201913      
   10916.3729588701706386875254490143479         123.469846689149818739646475897629888      
   11353.9055960457165158380143795001886         118.664545063119526293775552165695660      
   11808.9747180331189041234732755588120         114.037927622653083818222872792219543      
   12282.2831942263999191339754670883708         109.583910795919883749251446521724022      
   12774.5620653087740807876720453714764         105.296228917500541902152030313900006      
   13286.5716723692971698690213925333694         101.168248226504908440888843260619228      
   13819.1028312749664065734185774559658         97.1945992644348697990226039692504659      
   14372.9780541121287181447490048411641         93.3696258791083548143379410220194350      
   14949.0528195837539745108692494101260         89.6873830481345756355946670725850642      
   15548.2168943247440324848305758275935         86.1431245214601885309930335263216375      
   16171.3957071760930288854349917867146         82.7317727938961533132021379566136040      
   16819.5517785405110700394542606937912         79.4480953525632328400049131185906014      
   17493.6862070271986172941496070784291         76.2877598742483224159513864082285935      
   18194.8402156819438667946333678330798         73.2463479196303941878357069719874031      
   18924.0967601907469348894077560704785         70.3190704389464894795217515342081448      
   19682.5822015408948338519664972257512         67.5021193193637575643824722543569828      
   20471.4680457229678991379027866173119         64.7916215847633216201027048460040926      
   21291.9727531608052777335834398889962         62.1831005159523774757253652176497104      
   22145.3636206641542389996909866929541         59.6734383600032418813595471980246440      
   23032.9587388107417666037230113626710         57.2589634252149065815936190852707100      
   23956.1290277810101415506382803459552         54.9357163014815800519573303075688022      
   24916.3003547899309751068363485366994         52.7009526010196639161122989417466997      
   25914.9557363863415519101274806849260         50.5513832990854569258026179033998446      
   26953.6376290213280543695088830288355         48.4834501133186498499273537426648063      
   28033.9503114235147181008635785296286         46.4946929162399634159309594526097534      
   29157.5623624609167877547418407971713         44.5821322596323047481162288235021223      
   30326.2092383164973161631368103456552         42.7426570532749304310885989028965445      
   31541.6959529579611683858052270693276         40.9741243089085062873851603300528043      
   32805.8998660418609770555694865516312         39.2735568730141085977061472882052227      
   34120.7735825580256633811971581511305         37.6386999616064019978409292802068749      
   35488.3479686929087827328012112497271         36.0669886387226522584520380112170411      
   36910.7352885699579407208185256251901         34.5560499799787263417814394045639717      
   38390.1324667118051049635166010306714         33.1039261749472888662726352734248460      
   39928.8244812632591714847478857780199         31.7081798425264587042506131687886870      
   41529.1878932160465527304599511441824         30.3668617336077528536351882442841367      
   43193.6945170863047772846264443595351         29.0779653238675485584472588770899868      
   44924.9152387143125729591994209615093         27.8395720827133594073376768949111739      
   46725.5239860831750923095808865783704         26.6498624476932363067761189341207809      
   48598.3018592895258050914732263248772         25.5068743483566391724921113437825523      
   50546.1414260451221651430154515911835         24.4084274490514236437980426260306575      
   52572.0511893438801299913025345979724         23.3538525685957168403985904523565354      
   54679.1602341948078578288860172374693         22.3408709796594932224661878968548545      
   56870.7230605978721433257045989940636         21.3680857093985459615171451065145872      
   59150.1246102274895575978920149633072         20.4334821508611049522502280733170247      
   61520.8854945875221265190228323607782         19.5363135466403742608820485767751501      
   63986.6674327128368210457141610958805         18.6746753461159033369340760715755299      
   66551.2789068161397703318849066461078         17.8477752210028759294685097096971678      
   69218.6810446154198338421962209819211         17.0534167840648402109415594694595079      
   71992.9937374274519089849387645169729         16.2911038184418906057001180327171938      
   74878.5020034769588713732779584225916         15.5592410808890589318500936043882636      
   77879.6626062497747851925573005974499         14.8566238168349431116821497164342162      
   81001.1109381122759636039035989586038         14.1830010656536408585090313017554554      
   84247.6681798290590322812838559169961         13.5358038893800213559625902355010443      
   87624.3487470369791677562900446303441         12.9149272496008722504703993909376560      
   91136.3680351768753243967294847680147         12.3194231052153345449432399973402522      
   94789.1504748452870877826903960705289         11.7471890078916052734720485114593714      
   98588.3379100079217935478357762182642         11.1991327359263498689692531451781019      
   102539.798312015301262075395766118703         10.6736413565167045803952307935861408      
   106649.634842879675134276570350607105         10.1692028949736987969629033495748583      
   110924.195281811733436000826800087876         9.68524757532975909207104944422295021      
   115370.081829576717840168831115156675         9.22118106167579849470071070750425756      
   119994.161305813085722876733783552933         8.77659575303232019430392292679161675      
   124803.575755063824842025286034677152         8.35000475541987694582862474328331285      
   129805.753477901786749259637949360603         7.94178614249599261284002264287294222      
   135008.420504186978896111946975473234         7.55070860745876897755732486396144398      
   140419.612526176642910278471681407988         7.17542044026074311023206544629325825      
   146047.687309919204440414728338496228         6.81729472222661392471760452140865793      
   151901.337604101905314680193427803985         6.47224853688031964288469801662884568      
   157989.604566290262515375365417088573         6.14562957637691043632515385764502765      
   164321.891727296627356430572086878912         5.83039205955100239807956860417603389      
   170907.979515246276543367879202099710         5.52893084136965861102032978167103588      
   177758.040361773938248291584132392687         5.24274257500348238875324216049268352      
   184882.654413682776150379517369256077         4.96831477795460157629845146296491157      
   192292.825874333011295709262247376314         4.70583302947445162705122533114767301      
   199999.999999999999999999999999996365         4.45519492671151794421797432954564201      
