   45.6637407728598150948608957525646048         188655.877366850711149459356766618277      
   57.5327082166688651847817486369853492         81302.7070761529985479911538708760710      
   72.4866701396408325887287685162316226         35877.4338009159066769226849213477856      
   87.3515936464384953026523529623437370         18950.3746205999921690763285617987502      
   94.9844084816613548565367010612653856         14339.3520466545429592059685317361795      
   101.555250339758517508512832131928988         11523.0463761380015521119831300112551      
   107.370737650313954581578595829659061         9633.40974668456692877131461590035031      
   112.616468853123468544047009630203918         8281.80344774601136069555495282077458      
   117.414336009844302843165502835145447         7269.14370155930514702649825132713066      
   121.849201165110627546595503248247157         6483.26214043422372525825764278906168      
   125.982798402243263977766132847322474         5856.30191232506889540692214511794754      
   129.861604560437632768921735653075639         5344.87606834906767310378057210963334      
   133.521588012996189159413946099238460         4919.99034154851929825122484161750804      
   136.991222318579445284582687257693802         4561.55236003620561836288733181944669      
   140.293479100214066293925952877086127         4255.21244205913514326232486319461002      
   143.447191779677818544776137166778053         3990.45301223647546263471548218250801      
   146.468016164978011003704278789898432         3759.39693736561646541233399061328381      
   149.369124039286815971710596658308441         3556.02912259638508101550682577286404      
   152.161714831219745839297458841063238         3375.67856648253614382346762650155667      
   154.855400239754776130045297011535409         3214.66589757529209928467658209116656      
   156.403954242152325266737996651408685         17774.7628348012954133961505859078656      
   165.322251888077410935225537901674573         15546.6679838427420007678294572356779      
   174.749079086766688940145594521887808         13654.4411082408004812066166705359101      
   184.713432662087403614916964999618429         12043.3373982118255281029167670036229      
   195.245962863533328968911780411540015         10668.0288264333044016729097063309295      
   206.379067646078140947681152758848089         9490.91482945927531501146122748972426      
   218.146992325952937277058959231777828         8480.74461414172588335283891958951162      
   230.585934918888055377618758908192870         7611.49221038497256164281276168058615      
   243.734157484838540789078399991033104         6861.43700907375207813370433282943771      
   257.632103821688500705270944076511274         6212.41086635131752699614177874431699      
   272.322523869958971213435572453961555         5649.18117015088537779624576974889761      
   287.850605211186904872634935550855837         5158.94465048938217450593385236081071      
   304.264112064462944944003338599331746         4730.91157299920735179911600299578289      
   321.613532208679912180254079463308267         4355.96390106283434114571338719584800      
   339.952232282423335019599965789590613         4026.37415549159597883332869007545451      
   359.336621939204895109743222905205716         3735.57414035356004530406200446091343      
   379.826327362978604155174915425961971         3477.96476798929847080053654202767336      
   401.484374677671661848526310314103059         3248.75982242939560170215404529534039      
   424.377383814895832422573514790055722         3043.85790751067581093199708395555545      
   448.575773436174433470657223180556254         2859.73757618954179364905479881131180      
   474.153977540023607431903707524668928         2693.37177792301304345664598326764931      
   501.190674420169038177368198379594811         2542.15799140470365145183246164897949      
   529.769028679171241201281986430547850         2403.86129037166089773507784945750862      
   559.976947041890858916294730102164195         2276.56756493895022188279721258715611      
   591.907348755673559001476476069194172         2158.64474676646993946477639205508158      
   625.658451409002733781916723315651060         2048.71000304195059010253277905074265      
   661.334073047795247582958132673012886         1945.60135526121150619937191486964139      
   699.043951518646862017063008036975168         1848.35222933683704995091118120618314      
   738.904082021323889847493307858781124         1756.16671264937873995429927227629610      
   781.037073908809082883437019689518963         1668.39007061294654290384501031575331      
   825.572527832415038956987421034501402         1584.51163427602883836113385620047263      
   872.647434392059632246842020151531625         1504.13039070299706578888275155893929      
   922.406595517947629235773888285538527         1426.93438449728711337631290861078093      
   975.003069879824225089085792534988321         1352.68438145354987929503138685371629      
   1030.59864369387480025991689185879278         1281.19907448276333123987408175001541      
   1089.36432837546809665309516971164574         1212.34213748489954787205667314056199      
   1151.48088656851755195063874465271219         1146.01112207934653879040645049792656      
   1217.13938816952171738363932094646745         1082.12835183358088022070473098890444      
   1286.54179805660800974292962459988704         1020.63360411319435889893218738820017      
   1359.90159733142831379849058802760758         961.478464268901257604688163419613367      
   1437.44443998484014018597151880750250         904.622084184414304443143352982119406      
   1519.40884700627024520269282489560174         850.028097129595393399936150303035846      
   1606.04694007183400252599626975129038         797.662433588188553870661393049880218      
   1697.62521706802766399946209929385264         747.491831728680195543553654358596768      
   1794.42537183649644015360656306544293         699.482817779399452631087380870723228      
   1896.74516066140490721944547551343700         653.601064233675841123520832070540486      
   2004.89931816471601318199541118097528         609.810947329458632955179412324053121      
   2119.22052542666317599265044933736496         568.075320348730903638043464570173707      
   2240.06043330934412586358979889332249         528.355330452608363411550377680168149      
   2367.79074413116938039031441784202863         490.610332388408961634314440048711994      
   2502.80435501938487218257619973778132         454.797847436148639736816453979870690      
   2645.51656645760937276692016356632088         420.873563999508591563092710632450013      
   2796.36635974586655398943075530858219         388.791357956007494934703358699505819      
   2955.81774730256565551155264772169323         358.503325147842858526115241498984285      
   3124.36119996194581449873536311135682         329.959859702059758566025619406801316      
   3302.51515565733637086036524482577134         303.109721348324543588968795778190504      
   3490.82761413092739738647365293121941         277.900152247391073188058299032954241      
   3689.87782257536136807190959568330669         254.276981398585133481000923166378028      
   3900.27805739216222796882854710731360         232.184758099784231765579490792366816      
   4122.67550754767253485411350128173838         211.566900516165604222388364017145847      
   4357.75426531968223676592812697383642         192.365866113668801693967525247206527      
   4606.23743055826531651194035059028004         174.523322983214576416723547366545150      
   4868.88933493350907447979679786928416         157.980334163616611346861467382991715      
   5146.51789301189927334001437553846466         142.677551578462761042537513226967771      
   5439.97708739324801405981877907414489         128.555427103786723161411718688868760      
   5750.16959555242006838060396794135005         115.554418538226646494479622272912267      
   6078.04956646599590092634009462795484         103.615198345603691837780941458043923      
   6424.62555556474654453362083077907232         92.6788776395096265433255165792539996      
   6790.96362703980406730296329253663457         82.6872097647799111235143401540836997      
   7178.19063304518962265153781360344342         73.5828077716625547194105644859010565      
   7587.49767988349245693037319667287640         65.3093418033637070397468367817258414      
   8020.14379183665150551356431104314810         57.8117438859441973896905156065785052      
   8477.45978391174551857601921757167191         51.0363827517583312672057879555162671      
   8960.85235541431808327867503340251210         44.9312427287204334331686860618114296      
   9471.80841694102714361985214751847215         39.4460753027725510198957164276432571      
   10011.8996641014040695375948431298903         34.5325450797283243765083633333599436      
   10582.7874120374435396084258033555834         30.1443464945162699475306191086868563      
   11186.2277056119569568966168897612538         26.2373076741870379807392386842051050      
   11824.0767209845764093808759937362040         22.7694721543722110181888015723273319      
   12498.2964751906016136351524243540590         19.7011596309425938183739323903027572      
   13210.9608612852958693769235252457486         16.9950042181296395401893789882361804      
   13964.2620276176730376113429587110987         14.6159735257115625811092836493654061      
   14760.5171208563563432215878814601497         12.5313667214307017813585503683303847      
   15602.1754135089874484501411997621502         10.7107931112388326574158116778637884      
   16491.8258378593624644751823472756508         9.12613383662995351667708167931677152      
   17432.2049494966083318187800966488534         7.75148614760342659865691143224600257      
   18426.2053449321337145037611113756102         6.56309454624818993876477584360920555      
   19476.8845591968578942802969989135921         5.53926901343626666439918155343747636      
   20587.4744707876355680529890677603937         4.66029220274881565772537010909254263      
   21761.3912428923963794719433285742679         3.90831983131750341410117560977337058      
   23002.2458314731058469696824355017776         3.26727373016254231330616910291684051      
   24313.8550925293032005956805030830128         2.72273211592826952874448902392049196      
   25700.2535227080449548176196646297466         2.26181577693430054830547368865863027      
   27165.7056693742500986537110669805283         1.87307521556716697308854844692406100      
   28714.7192483146961199695945327465663         1.54637763592248271558408665133709101      
   30352.0590094255889396753337765047435         1.27279691527637212845924713765546215      
   32082.7613930344196403786421788704584         1.04450560064646738527354430471118832      
   33912.1500219388038386656357635364388        0.854671824724869311763809838159109957      
   35845.8520768156564252689417747813294        0.697361116996409947351809507311906272      
   37889.8156053712924971513556222049743        0.567442529107880696918818816059366773      
   40050.3278184752228265330078486722099        0.460501462796258913310089058128429429      
   42334.0344295563639427448043690884833        0.372757729174672393015606689941081835      
   44747.9600967494473999156989104858823        0.300990086009102561798040524968044775      
   47299.5300306714611164062819539331269        0.242466658589009409910612221662272145      
   49996.5928342934217064386806828082681        0.194881579782403813922818997556653610      
   52847.4446451626893373251209535540140        0.156297764005880019704008319346200462      
   55860.8546542370535694272233713689436        0.125095223240153272244585793042315675      
   59046.0920798262623374932574754946505         9.99253080744666309927506911628888531E-0002
   62412.9546796125618167570246766988868         7.96700026253252377124339264779967786E-0002
   65971.7988884529301940942968936717362         6.34064003341640002601833682431837689E-0002
   69733.5716746665761957332363270446983         5.03756205555672756792862845920249336E-0002
   73709.8442127973162882290484424545427         3.99560215341027110161085473386110790E-0002
   77912.8474764279025829432237004414366         3.16402088643193284771867155049681819E-0002
   82355.5098605294336000170981927941025         2.50154088387405487428822215278823447E-0002
   87051.4969490718091662260012762315026         1.97468984167890728334549111259734048E-0002
   92015.2535502199917105423901614898169         1.55640110354369132333919408859229441E-0002
   97262.0481284159069259502495730520922         1.22484689286037545189343347081774192E-0002
   102808.019770018612432053382425966253         9.62466906828794600266907236095251008E-0003
   108670.227826968562344227220531254405         7.55164206578065763712333648249734320E-0003
   114866.704391179370332579402665462979         5.91643669861396948605507902960739706E-0003
   121416.509761067762533106887965875347         4.62870780102919063437451890020647920E-0003
   128339.791070836198085228503603333578         3.61630671680847776582923709266500080E-0003
   135657.844262851229867023793293114182         2.82169378789086084958014907945205394E-0003
   143393.179593744006239929765206445320         2.19905020272548762141206253847497758E-0003
   151569.590875729007710631748714385814         1.71194238432347682666165400536829297E-0003
   160212.228666126605434015455591886242         1.33144766862718508144671058633632402E-0003
   169347.677630219662980110230370994273         1.03464789093965035181656683287325736E-0003
   179004.038315411535541222411881863707         8.03419396198727817922802488816750072E-0004
   189211.013588221938651740724164826102         6.23463666743743214498461345408244795E-0004
   200000.000000000000000000000000000808         4.83527444052594015440714065519756913E-0004
