   4.49617911897404001835192646448673933         90628827.6277219730831849334728039723      
   5.66483071609317834124648637969196333         39039462.5515112187670049539236889255      
   7.13723946329684342822815952193543431         17224779.5665388922702255572894951518      
   8.60088124001552874815584817201580674         9097665.08893951597100871862651370996      
   9.35242945092166319506734392136516530         6883937.23112000146217020263428637029      
   9.99941284423175078604944901014667646         5531869.46737472746480721408461967336      
   10.5720219246494149218111256358938954         4624670.31164886754889091387494749526      
   11.0885312315663127555905172149389947         3975785.75771353108076181376844834955      
   11.5609425969199128476706459913543143         3489630.27353698593285919716802729207      
   11.9976117740195098917711468174002641         3112349.65714710331868822921867669028      
   12.4046172726774461188841105796790876         2811364.44741058540668737499108840649      
   12.7865353319483756856689859253371055         2565844.98144825181213051323290898729      
   13.1469074980623893340526559909020596         2361871.74187528899204675985514182713      
   13.4885373569221200550557793934602172         2189798.73990275512303802618936449339      
   13.8136867585213121656030790988070781         2042735.79269377588900060760615546675      
   14.1242100940312284580387471930096054         1915635.01460475218664901753247628479      
   14.4216488779196228781384746317992911         1804714.05889031313786117010719134588      
   14.7073000406493972667201343280406225         1707085.17364242109990590671042566836      
   14.9822663091595464107751019464416299         1620506.48197249509315036057889733800      
   15.2474940781061192294590494013190825         1543210.88784016272752074372749994939      
   15.3999690188871805571785918421253816         8802668.03965161002733929714495501247      
   16.5732439386752090310105559182477162         7415790.83938973346127080184371550442      
   17.8359069627974290465921804978263574         6297721.54393141438824498887749106225      
   19.1947682881324237415543458512740204         5392563.59122855525612647094127690186      
   20.6571569589140313679382952858446953         4656711.16678277793089845409835592475      
   22.2309603960699025696368449768332299         4056035.16602458365897941730858960115      
   23.9246669381753062478418464111246660         3563725.21921163366712602475941378228      
   25.7474116234676221764785554257630211         3158637.10165176060457570116755424200      
   27.7090254598476805833380170897307857         2824024.80460227324232407390603647915      
   29.8200884486066318771348549922156405         2546559.75175945122526729184448275957      
   32.0919866478628192740911322045037970         2315576.72369702845325270962935516654      
   34.5369735834813793084848043978421080         2122489.65494464771206600381653301512      
   37.1682363386975254499991092495857227         1960339.29997143970237189194781039216      
   39.9999666788991467695114356099253785         1823445.57888034009250377851634735256      
   43.0474375951815804998581098168875766         1707139.51986024480606373037775470688      
   46.3270856795136674455516791162413455         1607560.52700238170868259370790456070      
   49.8565997758071048375932603752710144         1521503.99937730828985583535455444320      
   53.6550163850303142472970865326511713         1446308.52659149513996447660521755499      
   57.7428223389361088824835657043139385         1379773.19674362448296788389591787593      
   62.1420652961758504566055559425762708         1320095.57578531694722342372668096811      
   66.8764726567629751566421179973293630         1265822.46056923661833010127317297720      
   71.9715795362532946222868766409641014         1215806.99498161870383914199658963025      
   77.4548664898732314580580895098964280         1169167.35751141244865745390164198582      
   83.3559077294136772098344295410629395         1125245.03849560648727507177148160016      
   89.7065306323000903825738800441853565         1083562.82708669741497974289423423098      
   96.5409874031540179919664015256314067         1043784.17263546911003340268637116302      
   103.896139813705916256562011245034604         1005676.27239548124351126939754341165      
   111.811658017457480883885342073077905         969078.797940064487576911487062887844      
   120.330234511404124826012465963012247         933879.411955032062874606336741719172      
   129.497814398824196488709183707963142         899995.829604485187459119238765201185      
   139.363843195061642851033076830939496         867363.784282580342716659301016952500      
   149.981533512847288571760820430122080         835929.513063838478687937124755700775      
   161.408152065531050412642707742365178         805645.260328717328256501956512481136      
   173.705328536182442844434957943867516         776467.030699614743137593955243541310      
   186.939387978450704485079783491739305         748353.258438575530378545555731113985      
   201.181708541994865166253149721398693         721264.341290386857773538740589158185      
   216.509106451882619906268212246382574         695162.282008363378038398472020230661      
   233.004250318351671790294469238295835         670010.561377583661089333451909475198      
   250.756107011521069931222819026895056         645774.100588911681019019080891274050      
   269.860421505886222901756962676816630         622419.149394616390775349482205755513      
   290.420233282647938140008649756097411         599913.181004444798900291230391051795      
   312.546432075101206409139054302741912         578225.001617125498258011857285326761      
   336.358355954506986512470629540282820         557324.513845257224970458519499259647      
   361.984434982234440549527177824692290         537182.825557954597874234176562865670      
   389.562883899723610646764932827428241         517772.063255761823062209044944855262      
   419.242447592304939215996646796656789         499065.427626232304032419233395293348      
   451.183203347548828839518423454656349         481037.148349762546046147487871600628      
   485.557424235140808780616160052275379         463662.378607958138858493186074351623      
   522.550508264937978366854319311642701         446917.259499070838349543382536023544      
   562.361978334638261087124103020561377         430778.756028633415818990476703383952      
   605.206558360299117505622181728542414         415224.736529324615688622760405719307      
   651.315331393836003124714267834125929         400233.851339226529953613906470462574      
   700.936985973829181724541202411031582         385785.591868116796456061957451884628      
   754.339157431855520488202231877960317         371860.156679400641860929085599507311      
   811.809871388706311392405253717492332         358438.566145791793654169237710367109      
   873.659097226015244500966006738017682         345502.506053805299732223686963053263      
   940.220419911975111434900281201552975         333034.133511345229907761591820437781      
   1011.85283919816683115601502647630322         321016.690250185485380581555922911304      
   1088.94270589150289118464657993595227         309433.629249423303806980762906629231      
   1171.90580564460451700201110248754503         298269.250435637283612316771623669323      
   1261.18960150357534205697377609052095         287508.288991994963420066312836334674      
   1357.27564730839536853929528063480970         277136.104791819535503570098549487241      
   1460.68218496265584487479558846695889         267138.695195923363403395547936033230      
   1571.96693958105845033789285298441507         257502.367620564278643507820676580665      
   1691.73012759035963786183032845065664         248214.130904457448606726970331838043      
   1820.61769400800941633659829544080027         239261.206546921574799173838321892241      
   1959.32479635880807894959288126503709         230631.674089519893256693911092846852      
   2108.59955402015119413398181074016803         222313.551419285894885337722850095064      
   2269.24708321802728174933059714891531         214295.788605538402817955068954467558      
   2442.13383943659532908924151659909080         206567.570244571115743604696547987129      
   2628.19229066221025274722924872535426         199118.161837028523953054830114258361      
   2828.42594666712625847500793595786917         191937.514516491309135595149265674355      
   3043.91477145841478126921440527453154         185016.305162731447772061192118044201      
   3275.82100808424251265628376872410747         178344.465574159637865423463176251390      
   3525.39544721371223525543945439512757         171913.544732890207253323726940420768      
   3793.98417329997028078896431901856841         165714.635524878654616550504533897834      
   4083.03582471213880016397135553442021         159739.195017096867762769557117136562      
   4394.10940699373160229931901332796368         153979.681718570450393338778671400395      
   4728.88270138851045880764891042841547         148427.356313788323836660948824324108      
   5089.16131398532495935553492112933882         143075.806652648926000537060509385115      
   5476.88841428866959478178205139101589         137916.717983685492787001834899201334      
   5894.15521574012237760006210278850372         132944.066944594191288519882420084275      
   6343.21225471755540822359372529434355         128150.185315401946956431903491120664      
   6826.48152884561274545236218592666153         123529.636671988911438921595131397420      
   7346.56956008566249662951904807357608         119074.910780021157046380294331080709      
   7906.28145306124561075779728099390415         114781.317704445752609480840160827617      
   8508.63602444286531427903196193573931         110641.699951162126770280064881839845      
   9156.88208499273992061017550225336233         106651.624738368213014546966283604628      
   9854.51596208703503646096468278693362         102804.618249922462820989948283302786      
   10605.3003572236299118696808761505238         99096.3637974430427784504883306805222      
   11413.2846402237423838091885576821003         95520.9493118157458467292986642386097      
   12282.8266895845723358271965584264624         92074.2824883090883151446030625059260      
   13218.6163967793183290280067027994767         88750.9099222015030681129012786664724      
   14225.7009612754536571383201374336710         85546.9915094909263458841707601109462      
   15309.5121127004208461712352945477050         82457.2782331480107541174218145696139      
   16475.8954069780096339761430409148090         79478.5511070987160972984105458040948      
   17731.1417544446835339248065872617483         76605.4675993724224532889731577316219      
   19082.0213499933461128665914319907565         73835.3834799516668928438726482483686      
   20535.8201882474184958211016605918070         71163.0698001106272863081112382201847      
   22100.3793607105094375480321994567320         68586.1479284628493351392519995884423      
   23784.1373468415972249888238873288530         66099.7841082515652065789101163697914      
   25596.1755271534364927672034515095010         63701.6608936622736509306138223411521      
   27546.2671638099461775364044267113746         61387.3082582298665205194031590347215      
   29644.9301129003561100224118069384154         59154.4572817196078303354844395684155      
   31903.4835526947588512453408706133605         56999.1125977849407705246931278988615      
   34334.1090338459849704336542116018098         54918.9660269202081610773440900388446      
   36949.9161808132191206747564514652915         52910.3779337971282967296521012192821      
   39765.0133988692266120332906482041040         50971.2525949756304103741005032884656      
   42794.5839680507699654386382240492374         49098.0972840426382029727232603341525      
   46054.9679344663748119342971309875272         47289.0044375679268164250249925824626      
   49563.7502406437609064691397288888561         45540.7120143868584308850877997905906      
   53339.8555702496323456730510151506400         43851.4362657915411847537564190157615      
   57403.6504187286152662903436049623450         42218.1854171022003331956198860274344      
   61777.0529403812627564066908134770267         40639.3445149256085400041863581953942      
   66483.6511643434177562002986275709724         39112.0238608670671844251217410894442      
   71548.8302170670523294045163514589192         37634.8100087468683694780247690098325      
   76999.9092374794375770495981331350723         36205.0969736971942254846027236074898      
   82866.2887232751421842366074168348421         34821.5315485793260668961552783880544      
   89179.6091030558695978704384713528856         33481.7286071910115124098782796134282      
   95973.9213895799662629929921938004018         32184.5183668443708631570739119555849      
   103285.870834543126628416742775641066         30927.6465048008303783321646657048364      
   111154.894575435824805675896253866225         29710.0012676831912561976255774528801      
   119623.434340489532970386810697558589         28529.7828808345931613534076918584455      
   128737.165358939872988540213163532622         27385.6161793352923404474947979863332      
   138545.242711238530828573494799527528         26276.3558022562020757675468679363514      
   149100.566447908456499464910975054247         25200.4327387269115155284104712103520      
   160460.066906965904448527681649373480         24156.9060422557989146014743137691332      
   172685.011768774221257915601384466869         23144.5536850447861442232150931445636      
   185841.336504435536336027819877160298         22162.1984195702969399515079957709408      
   200000.000000000000000000000000001843         21209.2156480492249481997750270671510      
