   5.52447397961325226399072782984969297         224079.763926739497206222061690569102      
   5.58621577115192717604532748814122558         215087.556275988672693641434341322695      
   5.70769606958462633780651763227318070         198718.233084809462913676146703628695      
   5.88521674147007932707977397661524470         177590.153598630443919108177592526879      
   6.00064695470121536283871071332719909         165400.297643394897725117086221572582      
   6.11389823728284187292820718834974640         154478.043138445646739271243519279768      
   6.22508951234723308957759390061645726         144651.145917118432701633827344120021      
   6.33432926343593095028500128106961619         135775.843256358214096335328739747789      
   6.44171677416091111754975328238684052         127731.363103944490969872039571311888      
   6.54734318478811113655674477044710729         120415.632577478167796365252557804447      
   6.65129239774320831653061581290834177         113741.894984102984992708175180958468      
   6.75364185763221149700167850901532964         107636.021662448615027439554667242737      
   6.85446322639833992081457441772917949         102034.359943272070529129587913884392      
   6.95382297034749159714570537069443768         96881.9982193462170621534523741064765      
   7.05178287270798506164599961552564194         92131.3580671996126267431764195175080      
   7.14840048295441778923066596212673457         87741.0446888118837718274150889368453      
   7.24372951217728896368945283912930760         83674.9027949050944723884566984701794      
   7.33782018221171020729791835712874601         79901.2369398949231536160478454175690      
   7.43071953496825011439374068329106147         76392.1643068747647532112317726090886      
   7.52247170737411537401022682760968232         73123.0747894184354162757054872904766      
   7.59769642444785659456329942883022589         1662854.51260445298673279262014101780      
   7.94300373439488201767758476967543291         1497129.31655084781129934365104289786      
   8.30400489832627696509812374106933800         1351812.42173698766394816279948102932      
   8.68141318539617691204817142467316211         1224195.55858220392186522180327245298      
   9.07597428209143546880199608723468904         1111951.44512912170357793809824391371      
   9.48846776556529437795640973742064784         1013077.87337434830333759617348342649      
   9.91970864393251891114521513416553354         925850.243475124401143774781882034251      
   10.3705489665693268261888409607777795         848775.953841118663379455898926239692      
   10.8418795075997551091004438569149508         780568.033755872463297992970225629251      
   11.3346315258947111083773454420369471         720123.243462960759270625769763793654      
   11.8497786050611290782046751227619599         666484.002108815388878581387173977871      
   12.3883385770566982742632892018351131         618816.411229522492544336827812174352      
   12.9513755332308568576657127700191360         576393.447357792311011498767380101398      
   13.5400019267654834182433592524551700         538581.519599077230505140737222912597      
   14.1553807706693062242997111408584099         504838.728760326257473360724076010915      
   14.7987279356688461499104787193033027         474677.628039570711670491511817002554      
   15.4713145525360856473189064962140304         447673.577442041674946306599119018871      
   16.1744695235994030989360321571307467         423461.349750792559623231394945323708      
   16.9095821484000371029950497692240233         401720.780985627306442407878713979512      
   17.6781048686818749507400099880060143         382171.056691688709701584760175872987      
   18.4815561381381393446489470215063364         364555.965107593313766337983989000136      
   19.3215234225850431423073762908758928         348645.383456259382872571307437785543      
   20.1996663364901806175190065381051934         334242.881188865028350302109006479251      
   21.1177199220528345723520838430518681         321169.102055849608308666619947135034      
   22.0774980773150339152933685051831846         309264.861129470945997959344825491650      
   23.0808971400766525384055668671269935         298388.513990611066636434558888307840      
   24.1298996346956792694444790135019501         288413.366178498026175836066633311791      
   25.2265781891766185740775116369630824         279224.778739640937625254169294059312      
   26.3730996302864384128933644942639701         270720.422624683629711329275464964260      
   27.5717292647892299918566387866319518         262808.605059500361643373345351327614      
   28.8248353552584790705752338439961273         255407.354787093481353684235701811470      
   30.1348937993102965839903349770116834         248444.080994627216716641933201849276      
   31.5044930215028771856600509626126388         241855.942651187602331761909357751720      
   32.9363390875676420533094872049554277         235587.676890720663458135879183103433      
   34.4332610510768071202393359309921225         229591.303407994375000360325031664319      
   35.9982165431113677521918515926952391         223826.085379356152809551640776200010      
   37.6342976159736131681185806174301913         218257.491744360807901646637736845987      
   39.3447368524902272346392992555257334         212857.144348084888978805621966988472      
   41.1329137529767883917073081462959144         207601.872604655196495042745007057037      
   43.0023614124830872086996724344130004         202472.980057071317968239409090734333      
   44.9567735015122193656984062975902320         197455.622454273884519919018909171962      
   47.0000115640060179079128534086445700         192538.664995277731534975574087802296      
   49.1361126470162461387277733230546251         187713.688798623165958513424629489098      
   51.3692972771363200491329092889948891         182974.478218947054566406016302774830      
   53.7039777994534615694972588540578751         178316.657508556870951702138756913983      
   56.1447670954974548641644373369352945         173737.296452924803389316017323559027      
   58.6964876974110025843372130504406126         169234.476722222722654075166274917478      
   61.3641813163495369843576910486309308         164807.046217079655881687433124902024      
   64.1531188039367788682144375897307378         160454.399268103242907070851022808534      
   67.0688105664579725437662511408373492         156176.281719469518171537674390975538      
   70.1170174523672478930530672882292351         151972.666350753232343239259393305640      
   73.3037621346207387241430493690648255         147843.650712844876578024134094608600      
   76.6353410103247674859590046301313402         143789.389414601803618475207132958071      
   80.1183366412105219126628809084749643         139810.045865176464448030304030123975      
   83.7596307595152187228779167025144180         135905.759265904650793368641488312549      
   87.5664178649668844200693127449936503         132076.623520052116161604361704080442      
   91.5462194397377907684151655388698780         128322.676514666612497187600344465809      
   95.7068988094525702150553912925622803         124643.896322628664785389000820004709      
   100.056676679613516832529134875961481         121040.192278870724730702176987504548      
   104.604147378140073345083549200079368         117511.401224264742009292163071039857      
   109.358295836114651185851030965280668         114057.313032333558175787277791435905      
   114.328515340285484850676529465617489         110677.633510498579280364084779534653      
   119.524626092402065892595324917022860         107372.013053841395234352506661985958      
   124.956894612052848538446189924402618         104140.043384741567165560084315696531      
   130.636054021341517834269558467584169         100981.255618497977560524012340083415      
   136.573325251480455319242706553511994         97895.1330257595820324224285704586647      
   142.780439213201569027145165832807267         94881.0930670768451872386140531021831      
   149.269659974788973117668612659320199         91938.5169787771263028877158951975710      
   156.053808993528870215897648166785370         89066.7361301365523738621251443361062      
   163.146290448453340160387836558747851         86265.0241943505228560373700599404072      
   170.561117724430684678624603411777461         83532.6306318377774577401045172122578      
   178.312941099929817775419755280410260         80868.7555158146389110668714421734193      
   186.417076693164420983638036739678486         78272.5662505265442255297261083130899      
   194.889536723808900013243615481514018         75743.1879039121520224744806753734587      
   203.747061150077497230944912720388758         73279.7292663979192391916167629208096      
   213.007150743675368562988155190294854         70881.2523731954633867695434847277019      
   222.688101667971393006827728991557714         68546.8044481686662439636104427305016      
   232.809041627712561155486494743917240         66275.4101698811665135167312967885992      
   243.389967661704854287084876081825200         64066.0616461023048552978360004666155      
   254.451785653131712665256526522270911         61917.7304306595236407737586209679793      
   266.016351635574914577905604466271196         59829.3846776107930451371728612946152      
   278.106514976350651658380252665592594         57799.9661348006537275512555980005166      
   290.746163522482801281962235608239465         55828.4070812094265423297558816418216      
   303.960270798513192010476227548190764         53913.6220625908990793880193243504613      
   317.774945349402694949330540186493195         52054.5247058918586078066117618083321      
   332.217482326015262484805681345219401         50250.0226221214883152751770121446837      
   347.316417415107950231391114024597265         48499.0013318094967449073432471876819      
   363.101583220382252777520423541502107         46800.3649647480384252728927512408991      
   379.604168205994911500348702928971340         45152.9957876254871208380390295889692      
   396.856778318989281826163294578338604         43555.7917110402934974443198046482039      
   414.893501412401381220785179024201287         42007.6363259183167898854963093166228      
   433.749974596328335925082735688830270         40507.4204522589750492086971442343159      
   453.463454650032037331722859229000377         39054.0506199489671599367484716819798      
   474.072891634198838165988599828179942         37646.4210447263353288572636905947485      
   495.619005848799014013537201891147607         36283.4469109434892381717691116394266      
   518.144368288599980061547710499573988         34964.0358767158916242083108164623394      
   541.693484755297946802993329563635643         33687.1126807040217158748354189647199      
   566.312883792457476104216599159531818         32451.6138734019447130985544525842334      
   592.051208617001535230395980485043587         31256.4767764252567999870492983928901      
   618.959313228891064712270784668024678         30100.6652252323196964281034740572946      
   647.090362888888378130704316088122655         28983.1352265976962493237824208200956      
   676.499939162929208889234289178390323         27902.8643567443599800894493836755152      
   707.246149740650963047667763541286414         26858.8562731866217047326615142077551      
   739.389743245057555515967633014862182         25850.1194239329430701492327248755865      
   772.994229260162736799211715427257864         24875.6654394463168677660465319436900      
   808.126003813763543535482063720335717         23934.5311948723467193561369057935553      
   844.854480563273798323123821492594793         23025.7816311786253677505558073090368      
   883.252227943815738632931778126191177         22148.4752851431689378155072588087009      
   923.395112549548134659083073242922607         21301.6910591056201831226907777278220      
   965.362449031524937357048610484124951         20484.5485745883575258605656009498864      
   1009.23715680825391407478603646240792         19696.1491144636058660750366706562354      
   1055.10592389858531946142795376762406         18935.6437885194111295670020351623310      
   1103.05937820063300928359185237746231         18202.1804312952835705500868914468411      
   1153.19226655514233868120078370695688         17494.9297809511663965934617802718572      
   1205.60364194709976221579720684365850         16813.0867065877624846318367670865705      
   1260.39705921545865987659945809951581         16155.8460358311125790740654088239475      
   1317.68077965766632123618056314012634         15522.4432468964624354330011855019633      
   1377.56798493325144333505492205063600         14912.1128395466270595776764055507367      
   1440.17700068910466031706622147306617         14324.1233860710171391695414517615445      
   1505.63153034829282618508965325512456         13757.7526206723741443916536751430472      
   1574.06089952432896802988845911599800         13212.2859556879281421223297224778487      
   1645.60031154381369230093033160499639         12687.0588778578040028593530943956833      
   1720.39111458231184099309660340987314         12181.3874146263215069446813263450517      
   1798.58108094127372308987321540339984         11694.6186007969577583855210062413419      
   1880.32469901779862520108427468518594         11226.1174612758978783214499709485094      
   1965.78347854411693050291574993978483         10775.2661077373489840072521113687018      
   2055.12626969988559738967964093908780         10341.4818133644098683006485633564365      
   2148.52959672780177126110622940996275         9924.17404122285840837616644350584997      
   2246.17800671169508154933657521776969         9522.75273579556416438055680710146945      
   2348.26443420621732976619322469166704         9136.68342470036537504740479775888233      
   2454.99058243856799459724467275313025         8765.43445341744770124628812982182620      
   2566.56732183543714865290732259769693         8408.49009948611443046204843752564182      
   2683.21510666257869263787600981873071         8065.32668605873068085738761793072009      
   2805.16441060021390093274481623559266         7735.46158055673289102697689252288393      
   2932.65618211487884632749924886165168         7418.42805609521952260705216218585331      
   3065.94232052744325296119306912377177         7113.77701961265742858410448217284210      
   3205.28617371791999714079394549963859         6821.02370664954945368224667730219799      
   3350.96305845043462974368548107619762         6539.76412227932895627595155591484474      
   3503.26080434641739746869459686065892         6269.58819186574214330948114643483366      
   3662.48032258080459830193679423660213         6010.06839241162703158548103500087330      
   3828.93620042488403758831022418386636         5760.81650823977264764945477589610251      
   4002.95732281048736920254459885769648         5521.47495791607643336635145158076865      
   4184.88752214362111211757861973340635         5291.64790364171621404555068500393165      
   4375.08625765144361262209275318592874         5070.98781904633712385201010003031341      
   4573.92932560484745724081224117787866         4859.16875183751674150116941360742196      
   4781.80960181991112389995927422836025         4655.84790942275139118787656361634359      
   4999.13781790526052183347332715572718         4460.68849867260792745095272900503666      
   5226.34337278905652500877540036257183         4273.40856037618628020290361264883699      
   5463.87518112903038739064065846872249         4093.69601420988643588483123808051937      
   5712.20256028186276643506499642116614         3921.25819472732926773716293341246716      
   5971.81615758438795855771701462764660         3755.82694909882534529270682775669653      
   6243.22891977875339565474182839734978         3597.11787685109949705002999452959525      
   6526.97710649693283513952383667351593         3444.88902203317715281653375366106643      
   6823.62134980704451977395163723684791         3298.88945998395308382950442935269564      
   7133.74776191493488756212552718930160         3158.85318912812499679028400333367603      
   7457.96909320963399309116070387947589         3024.57134344808839825807019823594263      
   7796.92594294075864939196691123526094         2895.82140852385346610098521902652289      
   8151.28802491992994701930711469729706         2772.36481252099329340454531197228732      
   8521.75549074698872021650157438211448         2654.01533707481864009534483550879860      
   8909.06031317545051253273943535142192         2540.56647955709859564061624085430843      
   9313.96773235046521250357931090746319         2431.80903765799432139863760588915572      
   9737.27776777677055669815665575239192         2327.58154561298553352240665035740877      
   10179.8267990039985754628714931688982         2227.68673428109024626830459159081434      
   10642.4892181524663840547418177162715         2131.95779797869898053356552497322349      
   11126.1791575445257586713534093304553         2040.23491853474581123764696489523536      
   11631.8522958549401354015360285554593         1952.34272742904954291001007289848218      
   12160.5077463488962288545463019542950         1868.13550963566014919033914709236956      
   12713.1900309384469102526162011873315         1787.47410819603577604025368962699737      
   13290.9911439577427673660546813289728         1710.20046933556573505138291675162330      
   13895.0527097346769104605766463112575         1636.17992364633985852218303917037587      
   14526.5682382218913353317892901783544         1565.29811599293314176560520617663168      
   15186.7854831438396707489552577130928         1497.39929412727262036732345916509012      
   15877.0089073191532292253702656493448         1432.38332028090737359012737814434844      
   16598.6022600293151511123119421032246         1370.13175516193190129497392096619748      
   17352.9912715260294755709044015069701         1310.51571491072154029317892329576705      
   18141.6664700011155965261791376225116         1253.44144737588406141480677832224175      
   18966.1861265847210555217332144804558         1198.80472610147325823313823171985289      
   19828.1793341906050580142190804892685         1146.49282663312204911037071550129399      
   20729.3492262917012744656665337146172         1096.42629765124175697074171381939294      
   21671.4763419856439173561136161108086         1048.50090693890478261581147223663508      
   22656.4221439989820324426036498570989         1002.63010401455527595735201328545930      
   23686.1326965809844967823577260434150         958.734577439171343014858348993824813      
   24762.6425105538494221861595788609383         916.721524223385138711056175882625236      
   25888.0785631164007009067331663454958         876.520705848151415707343560813626129      
   27064.6645003436338488561215053161261         838.059805238362651310769182166157737      
   28294.7250306854453064822571365230738         801.253242012842378974279668119680594      
   29580.6905181452571601593984634817669         766.037284753222572200450684869015728      
   30925.1017842137784738155181234017810         732.355494191472838096241165572321478      
   32330.6151280456045857166377186268189         700.127053649916767918482365550336484      
   33800.0075747975617711377394276769527         669.300152807709857812394196663370616      
   35336.1823624985085786260049819652796         639.817715507339047657337663833494738      
   36942.1746782915976178784027225020200         611.611972483629755231790051031428636      
   38621.1576553827137945625321381543728         584.638334170644445122239722643632524      
   40376.4486425439104566749477069395272         558.840542884480271207817100141438041      
   42211.5157585591813879994146033193244         534.169080086007728691516559581935865      
   44129.9847445628980622984381800573460         510.576204606744819116147813978053360      
   46135.6461278098204203708144420020946         488.015624165902824966348827862356632      
   48232.4627110309185701047153996014266         466.435853109445959966785560989224049      
   50424.5774021725380096671203716819589         445.814592188377150430878583949407181      
   52716.3213999889732640953510052136672         426.086496898096969953377598628639991      
   55112.2227516616130007842052948064666         407.233786995626775284058830939778805      
   57617.0152993528729370162603249682586         389.200619632752796334911732698166242      
   60235.6480333715934971893435510381550         371.964580799157616851047046329592698      
   62973.2948704299655497973386073501636         355.481525672701483147556314970036325      
   65835.3648763119469921104581583136683         339.731231225146992906203615390518092      
   68827.5129531512049342946762154559423         324.665855006358216077636589439808936      
   71955.6510124345976664621338367312579         310.267548458442679498005897752409800      
   75225.9596558069112233833178447746924         296.496464249276374279141362567989729      
   78644.9003867558833769449150421658898         283.346083505731676083161026169634161      
   82219.2283773054656501282977023036814         270.764612008951631657886837974928357      
   85956.0058149418639189050199394516216         258.735272725327482430179288127003075      
   89862.6158561433270017436793474861615         247.239485726288026246905700101861046      
   93946.7772140831854541858170493706550         236.251255414933143697641618801844103      
   98216.5594093286476594593447587506946         225.745320880598268612729294759550434      
   102680.398713667812932987087683910000         215.695772937928950229233484993919149      
   107347.114818566849954399166337744658         206.099402275093000536759674517750978      
   112225.928261191019252425870710326308         196.918177390465780167933245954442768      
   117326.478642420019520893884506894279         188.140771694756019666765983386986724      
   122658.843672852966630157879713370540         179.747175547227353765317910808163177      
   128233.559084434263120220014917491268         171.733108778529268545771601911693971      
   134061.639447041917041243469646029796         164.060977097887342113235359252135546      
   140154.599931167901471496515861456889         156.720260875181020723197914489727437      
   146524.479059689442701642377781517375         149.709743911707593611996002392427841      
   153183.862493684379299872040491702213         143.009441104948534081473653944321895      
   160145.907899286807296696134749209847         136.597150581051764257145206955898539      
   167424.370944715155272235991006703753         130.466888239844654574858052729820727      
   175033.632478837837378272347091670021         124.607041317070668342019995141816069      
   182988.726944976124270812516502940849         119.001345275106376335462264514015054      
   191305.372086084464075457244204906691         113.636303609803186270077256376303016      
   199999.999999999999999999999999997577         108.519347609345348080087519595166055      
