   9.20796306985761972083077915154335163         76672.8985737221309175323124881226064      
   9.37878687956642351462916273500522942         71654.1454923704070618108836967130541      
   9.71142431393347955672641908047706500         63043.0070174751223699010765439880594      
   10.1900412420487753390104829020707954         52868.4218214245920810572538965499139      
   10.4970024000943245757761968670872442         47448.6270091383297724703731324066079      
   10.7952386847404663207748349340326630         42856.7053428903792842038132223117241      
   11.0854543043326887279045773968351586         38930.0360093103757021027393026943815      
   11.3682635440237397057033575657639855         35544.3472139591558633832004932018888      
   11.6442060647907747767573357577182486         32603.2999612303419203482271362487195      
   11.9137590101630527986708883188084065         30031.1745842343074893240035046485713      
   12.1773466988984257218260197088350339         27767.8457815842025409904693524403064      
   12.4353484670958637675763142946846944         25765.0316608456708477755136601209850      
   12.6881050740855118203655830037913574         23983.5677763573360131257667303114507      
   12.9359239810678221997016320929397183         22391.3900744525093674523098982291380      
   13.1790837358633030502093395086266091         20962.1245981872962033806873575090498      
   13.4178376421026834244990483526116532         19673.9002473542624267511502513269265      
   13.6524168506077619619759125506537460         18508.4634710588142756082054879638556      
   13.8830329804293782208358003521662711         17450.4096143279876839232998164808351      
   14.1098803541568305887445267521721283         16486.6844430932008928454602786920726      
   14.3331379146909749395021312329621875         15606.1769811199085349756353608085868      
   14.4764692938378848162009903694335943         284233.793896337251334541111842484702      
   15.0918632117071838216684967828124825         256833.552096766126896718633859838773      
   15.7334174913652325668522693252199268         232621.867647449639767754591248448109      
   16.4022442083607913936795278821352276         211200.907828998238825726665914442056      
   17.0995027125133718407786791571192648         192232.133989239988121122466736949670      
   17.8264016375399005411810793815123067         175415.247671246471147902985445040453      
   18.5842009961105026828321976654572708         160479.368842057515504286769475092455      
   19.3742143639649922318560441951114607         147192.915972932113643050471637955011      
   20.1978111568760346917513455700391882         135361.075306579517562887911606015361      
   21.0564190044058893696368084814788565         124809.282819711364951195454014744429      
   21.9515262245714209201231375369436062         115385.129199728266418021601444670945      
   22.8846844037069851744777294028575076         106956.180093226861957542548851965385      
   23.8575110859971451369975977924283558         99408.7401644763125507005030706967426      
   24.8716925773412756304461191688254174         92640.9769811873716264655777127277358      
   25.9289868684102989234747343734377936         86563.6608197081587339031126412955022      
   27.0312266819624023086851262563359871         81098.7319334805856127553345932970924      
   28.1803226496999801575260841785032718         76177.6551306046111415957729871488218      
   29.3782666241745908190877692103408555         71739.0014258783957666827122907198901      
   30.6271351314808120871579429189395933         67728.9762391048834937190189403582154      
   31.9290929707239236130213933201868341         64101.3884774940465031052639770687346      
   33.2863969665007636194560711978535964         60814.3022823022206348748352327705530      
   34.7013998808983415861895115618823864         57830.5858992766304020064472906412457      
   36.1765544917912979881043719098836955         55117.2020126907065187068046336748739      
   37.7144178445075659784457711753609555         52644.2081830836671378860590220963835      
   39.3176556842321077990840263125846474         50385.5123548619751327142648488754983      
   40.9890470768318915887454659984860639         48317.7954237251761163380970483756097      
   42.7314892261118852125524683743523194         46420.0137777041024383987583567210189      
   44.5480024958523389023656056100438814         44672.5640682015188226779730507218092      
   46.4417356453325980944617410301472816         43058.6948140548554686218975767311395      
   48.4159712874167471862775153828583158         41563.4520438898355352356094804537737      
   50.4741315786621754712414753993214889         40172.7706452657558363392228561431615      
   52.6197841513143469826508944561948625         38874.1081553183532261964026137804163      
   54.8566482974703435444455964498311855         37656.5988455390865065555238175084939      
   57.1886014161308617851625660787451065         36510.7254155405238692639136459744151      
   59.6196857343160379139760694974726626         35427.4019696949164758586482125799560      
   62.1541153138955385866659660251929761         34398.8938371672236489286577242628702      
   64.7962833562786156854356487199453838         33418.4577616824080403151953051601575      
   67.5507698176261357866691712013280560         32480.1742239666431495478953065605692      
   70.4223493477848564761563893263011134         31578.8415142240497803748213200266114      
   73.4159995667053645188082439481557237         30710.0998409556681336862743292229464      
   76.5369096926900878891320165074417845         29870.2847258684210751609206664045510      
   79.7904895374276588584248446306446502         29056.2825044330468077439378622588303      
   83.1823788834056958601884243264355868         28265.4904698605817180490229430266647      
   86.7184572599568898012778708307340764         27495.7969541856794661640314381220366      
   90.4048541348842747869388416144201516         26745.5094676126030100262030113179196      
   94.2479595393319316584534628983394702         26013.2428787771439072863441247246086      
   98.2544351443183639952638088152013408         25297.9069856336201204388828038073999      
   102.431225808132702083684650901698660         24598.6499925582962080166751543492904      
   106.785571614610087914531260450661426         23914.8109780843845274367061816140039      
   111.325020423153488345843686698726864         23245.8753543028876327106971735049687      
   116.057440952256249101283276476524789         22591.4416013826026137645325499362815      
   120.991036419204476916519294877669114         21951.1929454536157981402621838258155      
   126.134358759602423907104149607341120         21324.8745033292427856868923691851858      
   131.496323451369118268002012566362838         20712.2755189519842563566729488937517      
   137.086224968902280923886825355536627         20113.2148382499540165908554950058695      
   142.913752894197904988051669484513800         19527.5300602170078477056351898388259      
   148.989008712852647322768728600766528         18955.0705159329298322958206691287221      
   155.322523324063363082861218699267956         18395.6896655194206294831981109701342      
   161.925275294975762737581250849104902         17849.2448630128076560429473981742418      
   168.808709891024432054077939260344525         17315.5907486401264478047982948991392      
   175.984758915251565437965667764246806         16794.5800148413022613452616522053293      
   183.465861390994053487523976097097427         16286.0617346875221933030040510750439      
   191.264985123790467369879765417957605         15789.8810051254336690383970463290869      
   199.395649179883529742850732942896727         15305.8786978959914889414456955221459      
   207.871947320282496220969762930609051         14833.8915964461684246474082776767168      
   216.708572431006246917170677584223142         14373.7525132953836243451898405474815      
   225.920841991854675557884693636658416         13925.2900269612093490481031947514444      
   235.524724627856157297562761390457199         13488.3301179989596147001940822008954      
   245.536867789415596119578140037439854         13062.6949315690628364448843134528131      
   255.974626609144051725790320909652656         12648.2039945864772791999204967869851      
   266.856093985390615498506121479751744         12244.6742787566852136167889352853103      
   278.200131944623581046624394996873386         11851.9205140742630759461727757892619      
   290.026404337024722900197600283391948         11469.7555310506466270079446579564882      
   302.355410921971499658750404935434837         11097.9905056984128000455450388080041      
   315.208522902491241239923190354864346         10736.4356301211572090077862873561406      
   328.608019970283040018894508566549388         10384.8993707361371553696702394129546      
   342.577128925521496328260383456519791         10043.1900247872163401016499392640866      
   357.140063938386208812227085636593326         9711.11508171025787496072452960786490      
   372.322068522106681252273445037208283         9388.48183408581474953657159820950318      
   388.149459290279072604635481093464070         9075.09757650616830866342788496595162      
   404.649671574304088711178909831702649         8770.76973127786791520524299464701349      
   421.851306980019663674137460597621088         8475.30620713068073784010164976687855      
   439.784182965963495336220840540134647         8188.51545883435746680790013611416019      
   458.479384529204809388097591906896302         7910.20683035863256679384847449204663      
   477.969318088338004735608222358521434         7640.19064527885491063559063955957074      
   498.287767657039411522063696124866258         7378.27834595929008510805037390204825      
   519.469953405558874438883389948405320         7124.28282523750199201882465417009419      
   541.552592711657140135977418342185574         6878.01839540402405725772551526443065      
   564.573963806815253700258980890529722         6639.30104615047765532640689526768996      
   588.573972128040835355558751740041844         6407.94857081577646748576271561351062      
   613.594219490286012775558064196604198         6183.78062968839060822259012355628459      
   639.678076199381056212353210368524597         5966.61895385904967223473714540012744      
   666.870756230484878131518261845663250         5756.28739996488141274208868310802108      
   695.219395602367351590890464143724253         5552.61207852939003980390815409434905      
   724.773134083378083177158837796031420         5355.42138887046305304028167843328873      
   755.583200370731449452024352427169341         5164.54621291741543199146469107185904      
   787.703000890758381291589302436763309         4979.81988742934912261463294940554012      
   821.188212374051994517822702500222154         4801.07832213894310336814609878656547      
   856.096878365977597754614781157233142         4628.16006045591560181402408957666690      
   892.489509839839201933703410832601057         4460.90631646018673229315122472300093      
   930.429190087106234934785640312582744         4299.16103696303806520250910279283848      
   969.981684066518056739978941266428347         4142.77095290903847950663062680410166      
   1011.21555240161292651762716496491762         3991.58554615584026096919838509928857      
   1054.20227022428569083456515814197278         3845.45722199650355291682491628258451      
   1099.01635107037860887135459757467067         3704.24114751540917555691623849608754      
   1145.73547604206696696611504889827695         3567.79544141066037595512079118513427      
   1194.44062846093064090623253931847136         3435.98107757468264927952256374144153      
   1245.21623424512036528557588747682325         3308.66188831668579829908888906498239      
   1298.15030825394966283680859928245997         3185.70471742432175503021738234364092      
   1353.33460685358737214722686904887155         3066.97918592731355267378724883234811      
   1410.86478696830941992317328130398689         2952.35786356416555547937913837390620      
   1470.84057189301060655159800706620146         2841.71618769870034192590543987810410      
   1533.36592415439719830698260955524559         2734.93249147221631785119562066634796      
   1598.54922572049936175617177450099549         2631.88793253288495936205770174930508      
   1666.50346587088011492579985503679935         2532.46652509265554807467246964234936      
   1737.34643705319658514684296091579022         2436.55507277765455435276084646254455      
   1811.20093906561297330787230619934160         2344.04322142008055214265907547088507      
   1888.19499191899672516175552534456602         2254.82328551416501055570755972248765      
   1968.46205774787501906415760669193537         2168.79040227699741004960339440096588      
   2052.14127215481387626012191036256586         2085.84234702137910267259826666210072      
   2139.37768538923417342834503735766811         2005.87958104784570915080059459257020      
   2230.32251377872593228915000333527720         1928.80519114282240689803711973939445      
   2325.13340184869402725868452211068085         1854.52484150690083758896101346264292      
   2423.97469558469569511650466841616320         1782.94676885597309578615681335453322      
   2527.01772731114506572423965669171355         1713.98172538552228569238464194728522      
   2634.44111268019584048596413093061888         1647.54288778469346007577185338125976      
   2746.43106028560512922679805864695518         1583.54590235266694066782263108015831      
   2863.18169443826570399220643599177751         1521.90878264178909086418320503607613      
   2984.89539166290847427451327334366413         1462.55186913215962509673106614166218      
   3111.78313149926137927994332837248346         1405.39783185253161521860191340844127      
   3244.06486221574635712133187314607656         1350.37156100606146226783508563256483      
   3381.96988206964556892344062431218056         1297.40015167402942889976804070481970      
   3525.73723677461643553024587661653915         1246.41286687530609543996811164666166      
   3675.61613386452899835316179510193751         1197.34107358526962614666382322507457      
   3831.86637467188734219026503415269930         1150.11820553836608933938320354303304      
   3994.75880466963008503536230961695057         1104.67975291706439285211575533283944      
   4164.57578295693617460265096022250097         1060.96304796120305087494648834226191      
   4341.61167170284661004596548847061170         1018.90752047762949754002935867903492      
   4526.17334639610775223057804964615696         978.454410017602449245331967416544537      
   4718.58072778570756426007427330483683         939.546753195609195393526048248444155      
   4919.16733643417495231914093665140301         902.129419370012460758857862053748433      
   5128.28087084490952938840598257060343         866.149015012579881553683627579731662      
   5346.28381016567254569140489611478090         831.553848333841527334427021594706854      
   5573.55404251297025284222634434016458         798.293876858804587959536965819243979      
   5810.48552000647243767811213473420720         766.320683573651870307475339646512732      
   6057.48894164890825989571652192455298         735.587417330297958871599430587817390      
   6314.99246523514911062644090457756565         706.048752649267505626415732142343889      
   6583.44244952450764441694500850584034         677.660860983072938882511318891012393      
   6863.30422796274064885523270868205294         650.381349083397099941628977331404032      
   7155.06291529493193632323772060544005         624.169240504539562455917894718047124      
   7459.22424846744476860151734023057585         598.984923604087043695687030904049196      
   7776.31546327657028467657921870496726         574.790106667117006805038317216124826      
   8106.88620828346202362894637748866791         551.547803812874962949490242219970322      
   8451.50949757954432616959203905169643         529.222277014960943312717929229062643      
   8810.78270405392613442235836297147634         507.778998318931590979863366986938727      
   9185.32859488455822411512569931654423         487.184632143915354895729145094938026      
   9575.79641104806289300176770120420545         467.406984188980698006712581043859427      
   9982.86299271946746396332320781537280         448.414976598582219960416176922969570      
   10407.2339525126189039347111973025775         430.178609786074512434792702447605912      
   10849.6448985949842961744158659058855         412.668933783719917872160904758395210      
   11310.8627097969945805499672125971954         395.858010766226307831480181436552692      
   11791.6868649262167522446606650579943         379.718892588429385134919857668840500      
   12292.9508285905988118402999736168776         364.225583862892531334930300894657206      
   12815.5234959329850585902296525924644         349.353018481351886430364640361169977      
   13360.3106987812166069332223391818877         335.077022652567469537580442394041441      
   13928.2567758245902948725555463089957         321.374297352555977504531473183012438      
   14520.3462095384329774427598690182460         308.222390137339264476237805188544310      
   15137.6053326942499393979122536584729         295.599653842053443495650672830669791      
   15781.1041074135263768444060943490130         283.485240920856031935980683114882536      
   16451.9579798490086718973790932514680         271.859068648491982516745741197932095      
   17151.3298137083854898061539425388178         260.701796726086861303723064729585762      
   17880.4319059719548026009961967385196         249.994803073791723977894585573420037      
   18640.5280882983386852768327593321524         239.720163494259175854911062769865704      
   19432.9359177608401084908550464968340         229.860641517693956475413260831976453      
   20259.0289607118824329751490091686787         220.399575680686874412785359523971913      
   21120.2391737344013075369981130122159         211.321063589845723666229159203771360      
   22018.0593858073500070099188636874734         202.609718632184251954508436605455875      
   22954.0458859879246364331477221590176         194.250776722601883157663717519641234      
   23929.8211210960191915809864008300463         186.230037482470107399603195676714411      
   24947.0765080770992503019168072711393         178.533856539585940946219726982379374      
   26007.5753659184675981586748375756648         171.149121439477867532777625104844520      
   27113.1559722011299403480580133674075         164.063233086160210363242138496572842      
   28265.7347495855132424410206186340881         157.264096646043718968137128161343519      
   29467.3095877545176682713046215360458         150.740093704042543242053473798928637      
   30719.9633065721859571495846547055648         144.480069509496701700925598744473678      
   32025.8672664610584137532567898392390         138.473321335889221659915537730141669      
   33387.2851322564717837444844674194365         132.709573667211108145149717508227749      
   34806.5767970620985050519538478554274         127.178972167898447566597450632630375      
   36286.2024729083703116829682374759855         121.872061623063351352364486551511591      
   37828.7269553045676803632048453788658         116.779773871662975938596542619111262      
   39436.8240690767853436132885641771995         111.893414299639165944475728984504809      
   41113.2813031982265451491675851254915         107.204645062747157964027732232003179      
   42861.0046426458795952294838816314800         102.705472807301792185412330294723134      
   44683.0236056591574608733346594307023         98.3882382911162441208289103243362620      
   46582.4964951321266047987250081093216         94.2455989261804649327429591996502357      
   48562.7158732421322396936684294207155         90.2705146143905079348768262060953154      
   50627.1142688045869991931590126946881         86.4562442040356713093616418490538483      
   52779.2701272470995031068711002271158         82.7963219971526471938772728236545421      
   55022.9140135166776853810566546980912         79.2845569911501430649081557429991825      
   57361.9350786721780584124665441958835         75.9150102256794051121612209822857174      
   59800.3878013712462958168218011443080         72.6819975903436918438606982570527482      
   62342.4990159374989238414002088033936         69.5800690730230657892049640314379176      
   64992.6752391904564960230144691420091         66.6039897738631674872682474885401394      
   67755.5103087386164753766611844704552         63.7487623052733254915920487814168252      
   70635.7933459759468571481002397323675         61.0095782696598570516534988003075188      
   73638.5170575849251876812510618766111         58.3818326341212904309106690322258698      
   76768.8863899360177090765848646925468         55.8611118864951345169975896851538084      
   80032.3275513852069971987998213769438         53.4431766430523800255312540800169665      
   83434.4974181088940117619665030889961         51.1239608866419542395135027713203420      
   86981.2933397803273666095657126830173         48.8995650142919647803923869951457341      
   90678.8633620848012724003288646843304         46.7662481608142340573341459971867043      
   94533.6168837934154083551919389209347         44.7204080193708914387578975345252274      
   98552.2357668684574218509742438347977         42.7585943853914844371084189023431680      
   102741.685918858757554540583431988875         40.8774999078865857972708837021332108      
   107109.229367662036277504716186117706         39.0739179342552429587480347829531306      
   111662.436849584738877513166147424105         37.3447986363830514815775362821598351      
   116409.200932519605089127484603070747         35.6871949963019547534616248180266826      
   121357.749696988799420393269221291567         34.0982713956592205296676889668542858      
   126516.660998767436643930401988115932         32.5753056821248751258573080433411369      
   131894.877337810453241508428046462113         31.1156818889875983735755100299322741      
   137501.721359256746875937749942425230         29.7168790592138508197225944675971925      
   143346.912013380153981723332016467764         28.3764644665935390467363426607080397      
   149440.581402499059520844409438960115         27.0921124487408725629976210047727488      
   155793.292344047212782788392521587519         25.8615687838272670933929469296675456      
   162416.056680249722926291228460799317         24.6826777606169038086338853872458596      
   169320.354366142379616937324179406102         23.5533616761238886631405665388244543      
   176518.153369021630937812708714195782         22.4716111364020700074543735709057325      
   184021.930413819091431497388389227860         21.4355030898773520187677693521190713      
   191844.692610360785780195547082499311         20.4431852605576714585660010929201608      
   199999.999999999999999999999999996390         19.4928700272405319042864784302028482      
